2026-03-22 00:01:02 [[31merror[39m]: uncaughtException: Cannot find module 'csurf'
Require stack:
- /home/project/src/app.js
- /home/project/server.js
Error: Cannot find module 'csurf'
Require stack:
- /home/project/src/app.js
- /home/project/server.js
    at Module._resolveFilename (https://zp1v56uxy8rdx5ypatb0ockcb9tr6a-oci3-rkxdxxx2.w-credentialless-staticblitz.com/builtins.4a5e7736.js:160:16340)
    at defaultResolveImpl (https://zp1v56uxy8rdx5ypatb0ockcb9tr6a-oci3-rkxdxxx2.w-credentialless-staticblitz.com/builtins.4a5e7736.js:160:10576)
    at resolveForCJSWithHooks (https://zp1v56uxy8rdx5ypatb0ockcb9tr6a-oci3-rkxdxxx2.w-credentialless-staticblitz.com/builtins.4a5e7736.js:160:10636)
    at Module._load (https://zp1v56uxy8rdx5ypatb0ockcb9tr6a-oci3-rkxdxxx2.w-credentialless-staticblitz.com/builtins.4a5e7736.js:160:13678)
    at TracingChannel.traceSync (https://zp1v56uxy8rdx5ypatb0ockcb9tr6a-oci3-rkxdxxx2.w-credentialless-staticblitz.com/builtins.4a5e7736.js:26:3678)
    at wrapModuleLoad (https://zp1v56uxy8rdx5ypatb0ockcb9tr6a-oci3-rkxdxxx2.w-credentialless-staticblitz.com/builtins.4a5e7736.js:160:3949)
    at Module.require (https://zp1v56uxy8rdx5ypatb0ockcb9tr6a-oci3-rkxdxxx2.w-credentialless-staticblitz.com/builtins.4a5e7736.js:160:16804)
    at require2 (https://zp1v56uxy8rdx5ypatb0ockcb9tr6a-oci3-rkxdxxx2.w-credentialless-staticblitz.com/builtins.4a5e7736.js:177:3120)
    at _0x168fc6 (https://zp1v56uxy8rdx5ypatb0ockcb9tr6a-oci3-rkxdxxx2.w-credentialless-staticblitz.com/blitz.4c73681d.js:31:845506)
    at Object.eval (file:///home/project/src/app.js#cjs:8:15) {"error":{"code":"MODULE_NOT_FOUND","requireStack":["/home/project/src/app.js","/home/project/server.js"]},"exception":true,"date":"Sun Mar 22 2026 00:01:02 GMT+0530 (India Standard Time)","process":{"pid":17,"uid":1,"gid":1,"cwd":"/home/project","execPath":"/usr/local/bin/node","version":"v22.22.0","argv":["/usr/local/bin/node","/home/project/server.js"],"memoryUsage":{"rss":0,"heapTotal":0,"heapUsed":0,"external":0,"arrayBuffers":0}},"os":{"loadavg":[0,0,0],"uptime":17},"trace":[{"column":16340,"file":"https://zp1v56uxy8rdx5ypatb0ockcb9tr6a-oci3-rkxdxxx2.w-credentialless-staticblitz.com/builtins.4a5e7736.js","function":"Module._resolveFilename","line":160,"method":"_resolveFilename","native":false},{"column":10576,"file":"https://zp1v56uxy8rdx5ypatb0ockcb9tr6a-oci3-rkxdxxx2.w-credentialless-staticblitz.com/builtins.4a5e7736.js","function":"defaultResolveImpl","line":160,"method":null,"native":false},{"column":10636,"file":"https://zp1v56uxy8rdx5ypatb0ockcb9tr6a-oci3-rkxdxxx2.w-credentialless-staticblitz.com/builtins.4a5e7736.js","function":"resolveForCJSWithHooks","line":160,"method":null,"native":false},{"column":13678,"file":"https://zp1v56uxy8rdx5ypatb0ockcb9tr6a-oci3-rkxdxxx2.w-credentialless-staticblitz.com/builtins.4a5e7736.js","function":"Module._load","line":160,"method":"_load","native":false},{"column":3678,"file":"https://zp1v56uxy8rdx5ypatb0ockcb9tr6a-oci3-rkxdxxx2.w-credentialless-staticblitz.com/builtins.4a5e7736.js","function":"TracingChannel.traceSync","line":26,"method":"traceSync","native":false},{"column":3949,"file":"https://zp1v56uxy8rdx5ypatb0ockcb9tr6a-oci3-rkxdxxx2.w-credentialless-staticblitz.com/builtins.4a5e7736.js","function":"wrapModuleLoad","line":160,"method":null,"native":false},{"column":16804,"file":"https://zp1v56uxy8rdx5ypatb0ockcb9tr6a-oci3-rkxdxxx2.w-credentialless-staticblitz.com/builtins.4a5e7736.js","function":"Module.require","line":160,"method":"require","native":false},{"column":3120,"file":"https://zp1v56uxy8rdx5ypatb0ockcb9tr6a-oci3-rkxdxxx2.w-credentialless-staticblitz.com/builtins.4a5e7736.js","function":"require2","line":177,"method":null,"native":false},{"column":845506,"file":"https://zp1v56uxy8rdx5ypatb0ockcb9tr6a-oci3-rkxdxxx2.w-credentialless-staticblitz.com/blitz.4c73681d.js","function":"_0x168fc6","line":31,"method":null,"native":false},{"column":15,"file":"file:///home/project/src/app.js#cjs","function":"Object.eval","line":8,"method":"eval","native":false}]}
Error: Cannot find module 'csurf'
Require stack:
- /home/project/src/app.js
- /home/project/server.js
    at Module._resolveFilename (https://zp1v56uxy8rdx5ypatb0ockcb9tr6a-oci3-rkxdxxx2.w-credentialless-staticblitz.com/builtins.4a5e7736.js:160:16340)
    at defaultResolveImpl (https://zp1v56uxy8rdx5ypatb0ockcb9tr6a-oci3-rkxdxxx2.w-credentialless-staticblitz.com/builtins.4a5e7736.js:160:10576)
    at resolveForCJSWithHooks (https://zp1v56uxy8rdx5ypatb0ockcb9tr6a-oci3-rkxdxxx2.w-credentialless-staticblitz.com/builtins.4a5e7736.js:160:10636)
    at Module._load (https://zp1v56uxy8rdx5ypatb0ockcb9tr6a-oci3-rkxdxxx2.w-credentialless-staticblitz.com/builtins.4a5e7736.js:160:13678)
    at TracingChannel.traceSync (https://zp1v56uxy8rdx5ypatb0ockcb9tr6a-oci3-rkxdxxx2.w-credentialless-staticblitz.com/builtins.4a5e7736.js:26:3678)
    at wrapModuleLoad (https://zp1v56uxy8rdx5ypatb0ockcb9tr6a-oci3-rkxdxxx2.w-credentialless-staticblitz.com/builtins.4a5e7736.js:160:3949)
    at Module.require (https://zp1v56uxy8rdx5ypatb0ockcb9tr6a-oci3-rkxdxxx2.w-credentialless-staticblitz.com/builtins.4a5e7736.js:160:16804)
    at require2 (https://zp1v56uxy8rdx5ypatb0ockcb9tr6a-oci3-rkxdxxx2.w-credentialless-staticblitz.com/builtins.4a5e7736.js:177:3120)
    at _0x168fc6 (https://zp1v56uxy8rdx5ypatb0ockcb9tr6a-oci3-rkxdxxx2.w-credentialless-staticblitz.com/blitz.4c73681d.js:31:845506)
    at Object.eval (file:///home/project/src/app.js#cjs:8:15)
2026-03-22 00:04:37 [[31merror[39m]: uncaughtException: Cannot find module 'csurf'
Require stack:
- /home/project/src/app.js
- /home/project/server.js
Error: Cannot find module 'csurf'
Require stack:
- /home/project/src/app.js
- /home/project/server.js
    at Module._resolveFilename (https://zp1v56uxy8rdx5ypatb0ockcb9tr6a-oci3-rkxdxxx2.w-credentialless-staticblitz.com/builtins.4a5e7736.js:160:16340)
    at defaultResolveImpl (https://zp1v56uxy8rdx5ypatb0ockcb9tr6a-oci3-rkxdxxx2.w-credentialless-staticblitz.com/builtins.4a5e7736.js:160:10576)
    at resolveForCJSWithHooks (https://zp1v56uxy8rdx5ypatb0ockcb9tr6a-oci3-rkxdxxx2.w-credentialless-staticblitz.com/builtins.4a5e7736.js:160:10636)
    at Module._load (https://zp1v56uxy8rdx5ypatb0ockcb9tr6a-oci3-rkxdxxx2.w-credentialless-staticblitz.com/builtins.4a5e7736.js:160:13678)
    at TracingChannel.traceSync (https://zp1v56uxy8rdx5ypatb0ockcb9tr6a-oci3-rkxdxxx2.w-credentialless-staticblitz.com/builtins.4a5e7736.js:26:3678)
    at wrapModuleLoad (https://zp1v56uxy8rdx5ypatb0ockcb9tr6a-oci3-rkxdxxx2.w-credentialless-staticblitz.com/builtins.4a5e7736.js:160:3949)
    at Module.require (https://zp1v56uxy8rdx5ypatb0ockcb9tr6a-oci3-rkxdxxx2.w-credentialless-staticblitz.com/builtins.4a5e7736.js:160:16804)
    at require2 (https://zp1v56uxy8rdx5ypatb0ockcb9tr6a-oci3-rkxdxxx2.w-credentialless-staticblitz.com/builtins.4a5e7736.js:177:3120)
    at _0x168fc6 (https://zp1v56uxy8rdx5ypatb0ockcb9tr6a-oci3-rkxdxxx2.w-credentialless-staticblitz.com/blitz.4c73681d.js:31:845506)
    at Object.eval (file:///home/project/src/app.js#cjs:8:15) {"error":{"code":"MODULE_NOT_FOUND","requireStack":["/home/project/src/app.js","/home/project/server.js"]},"exception":true,"date":"Sun Mar 22 2026 00:04:37 GMT+0530 (India Standard Time)","process":{"pid":17,"uid":1,"gid":1,"cwd":"/home/project","execPath":"/usr/local/bin/node","version":"v22.22.0","argv":["/usr/local/bin/node","/home/project/server.js"],"memoryUsage":{"rss":0,"heapTotal":0,"heapUsed":0,"external":0,"arrayBuffers":0}},"os":{"loadavg":[0,0,0],"uptime":12},"trace":[{"column":16340,"file":"https://zp1v56uxy8rdx5ypatb0ockcb9tr6a-oci3-rkxdxxx2.w-credentialless-staticblitz.com/builtins.4a5e7736.js","function":"Module._resolveFilename","line":160,"method":"_resolveFilename","native":false},{"column":10576,"file":"https://zp1v56uxy8rdx5ypatb0ockcb9tr6a-oci3-rkxdxxx2.w-credentialless-staticblitz.com/builtins.4a5e7736.js","function":"defaultResolveImpl","line":160,"method":null,"native":false},{"column":10636,"file":"https://zp1v56uxy8rdx5ypatb0ockcb9tr6a-oci3-rkxdxxx2.w-credentialless-staticblitz.com/builtins.4a5e7736.js","function":"resolveForCJSWithHooks","line":160,"method":null,"native":false},{"column":13678,"file":"https://zp1v56uxy8rdx5ypatb0ockcb9tr6a-oci3-rkxdxxx2.w-credentialless-staticblitz.com/builtins.4a5e7736.js","function":"Module._load","line":160,"method":"_load","native":false},{"column":3678,"file":"https://zp1v56uxy8rdx5ypatb0ockcb9tr6a-oci3-rkxdxxx2.w-credentialless-staticblitz.com/builtins.4a5e7736.js","function":"TracingChannel.traceSync","line":26,"method":"traceSync","native":false},{"column":3949,"file":"https://zp1v56uxy8rdx5ypatb0ockcb9tr6a-oci3-rkxdxxx2.w-credentialless-staticblitz.com/builtins.4a5e7736.js","function":"wrapModuleLoad","line":160,"method":null,"native":false},{"column":16804,"file":"https://zp1v56uxy8rdx5ypatb0ockcb9tr6a-oci3-rkxdxxx2.w-credentialless-staticblitz.com/builtins.4a5e7736.js","function":"Module.require","line":160,"method":"require","native":false},{"column":3120,"file":"https://zp1v56uxy8rdx5ypatb0ockcb9tr6a-oci3-rkxdxxx2.w-credentialless-staticblitz.com/builtins.4a5e7736.js","function":"require2","line":177,"method":null,"native":false},{"column":845506,"file":"https://zp1v56uxy8rdx5ypatb0ockcb9tr6a-oci3-rkxdxxx2.w-credentialless-staticblitz.com/blitz.4c73681d.js","function":"_0x168fc6","line":31,"method":null,"native":false},{"column":15,"file":"file:///home/project/src/app.js#cjs","function":"Object.eval","line":8,"method":"eval","native":false}]}
Error: Cannot find module 'csurf'
Require stack:
- /home/project/src/app.js
- /home/project/server.js
    at Module._resolveFilename (https://zp1v56uxy8rdx5ypatb0ockcb9tr6a-oci3-rkxdxxx2.w-credentialless-staticblitz.com/builtins.4a5e7736.js:160:16340)
    at defaultResolveImpl (https://zp1v56uxy8rdx5ypatb0ockcb9tr6a-oci3-rkxdxxx2.w-credentialless-staticblitz.com/builtins.4a5e7736.js:160:10576)
    at resolveForCJSWithHooks (https://zp1v56uxy8rdx5ypatb0ockcb9tr6a-oci3-rkxdxxx2.w-credentialless-staticblitz.com/builtins.4a5e7736.js:160:10636)
    at Module._load (https://zp1v56uxy8rdx5ypatb0ockcb9tr6a-oci3-rkxdxxx2.w-credentialless-staticblitz.com/builtins.4a5e7736.js:160:13678)
    at TracingChannel.traceSync (https://zp1v56uxy8rdx5ypatb0ockcb9tr6a-oci3-rkxdxxx2.w-credentialless-staticblitz.com/builtins.4a5e7736.js:26:3678)
    at wrapModuleLoad (https://zp1v56uxy8rdx5ypatb0ockcb9tr6a-oci3-rkxdxxx2.w-credentialless-staticblitz.com/builtins.4a5e7736.js:160:3949)
    at Module.require (https://zp1v56uxy8rdx5ypatb0ockcb9tr6a-oci3-rkxdxxx2.w-credentialless-staticblitz.com/builtins.4a5e7736.js:160:16804)
    at require2 (https://zp1v56uxy8rdx5ypatb0ockcb9tr6a-oci3-rkxdxxx2.w-credentialless-staticblitz.com/builtins.4a5e7736.js:177:3120)
    at _0x168fc6 (https://zp1v56uxy8rdx5ypatb0ockcb9tr6a-oci3-rkxdxxx2.w-credentialless-staticblitz.com/blitz.4c73681d.js:31:845506)
    at Object.eval (file:///home/project/src/app.js#cjs:8:15)
2026-03-22 00:27:14 [[31merror[39m]: uncaughtException: Cannot find module 'csurf'
Require stack:
- /home/project/src/app.js
- /home/project/server.js
Error: Cannot find module 'csurf'
Require stack:
- /home/project/src/app.js
- /home/project/server.js
    at Module._resolveFilename (https://zp1v56uxy8rdx5ypatb0ockcb9tr6a-oci3-rkxdxxx2.w-credentialless-staticblitz.com/builtins.4a5e7736.js:160:16340)
    at defaultResolveImpl (https://zp1v56uxy8rdx5ypatb0ockcb9tr6a-oci3-rkxdxxx2.w-credentialless-staticblitz.com/builtins.4a5e7736.js:160:10576)
    at resolveForCJSWithHooks (https://zp1v56uxy8rdx5ypatb0ockcb9tr6a-oci3-rkxdxxx2.w-credentialless-staticblitz.com/builtins.4a5e7736.js:160:10636)
    at Module._load (https://zp1v56uxy8rdx5ypatb0ockcb9tr6a-oci3-rkxdxxx2.w-credentialless-staticblitz.com/builtins.4a5e7736.js:160:13678)
    at TracingChannel.traceSync (https://zp1v56uxy8rdx5ypatb0ockcb9tr6a-oci3-rkxdxxx2.w-credentialless-staticblitz.com/builtins.4a5e7736.js:26:3678)
    at wrapModuleLoad (https://zp1v56uxy8rdx5ypatb0ockcb9tr6a-oci3-rkxdxxx2.w-credentialless-staticblitz.com/builtins.4a5e7736.js:160:3949)
    at Module.require (https://zp1v56uxy8rdx5ypatb0ockcb9tr6a-oci3-rkxdxxx2.w-credentialless-staticblitz.com/builtins.4a5e7736.js:160:16804)
    at require2 (https://zp1v56uxy8rdx5ypatb0ockcb9tr6a-oci3-rkxdxxx2.w-credentialless-staticblitz.com/builtins.4a5e7736.js:177:3120)
    at _0x168fc6 (https://zp1v56uxy8rdx5ypatb0ockcb9tr6a-oci3-rkxdxxx2.w-credentialless-staticblitz.com/blitz.4c73681d.js:31:845506)
    at Object.eval (file:///home/project/src/app.js#cjs:8:15) {"error":{"code":"MODULE_NOT_FOUND","requireStack":["/home/project/src/app.js","/home/project/server.js"]},"exception":true,"date":"Sun Mar 22 2026 00:27:14 GMT+0530 (India Standard Time)","process":{"pid":17,"uid":1,"gid":1,"cwd":"/home/project","execPath":"/usr/local/bin/node","version":"v22.22.0","argv":["/usr/local/bin/node","/home/project/server.js"],"memoryUsage":{"rss":0,"heapTotal":0,"heapUsed":0,"external":0,"arrayBuffers":0}},"os":{"loadavg":[0,0,0],"uptime":11},"trace":[{"column":16340,"file":"https://zp1v56uxy8rdx5ypatb0ockcb9tr6a-oci3-rkxdxxx2.w-credentialless-staticblitz.com/builtins.4a5e7736.js","function":"Module._resolveFilename","line":160,"method":"_resolveFilename","native":false},{"column":10576,"file":"https://zp1v56uxy8rdx5ypatb0ockcb9tr6a-oci3-rkxdxxx2.w-credentialless-staticblitz.com/builtins.4a5e7736.js","function":"defaultResolveImpl","line":160,"method":null,"native":false},{"column":10636,"file":"https://zp1v56uxy8rdx5ypatb0ockcb9tr6a-oci3-rkxdxxx2.w-credentialless-staticblitz.com/builtins.4a5e7736.js","function":"resolveForCJSWithHooks","line":160,"method":null,"native":false},{"column":13678,"file":"https://zp1v56uxy8rdx5ypatb0ockcb9tr6a-oci3-rkxdxxx2.w-credentialless-staticblitz.com/builtins.4a5e7736.js","function":"Module._load","line":160,"method":"_load","native":false},{"column":3678,"file":"https://zp1v56uxy8rdx5ypatb0ockcb9tr6a-oci3-rkxdxxx2.w-credentialless-staticblitz.com/builtins.4a5e7736.js","function":"TracingChannel.traceSync","line":26,"method":"traceSync","native":false},{"column":3949,"file":"https://zp1v56uxy8rdx5ypatb0ockcb9tr6a-oci3-rkxdxxx2.w-credentialless-staticblitz.com/builtins.4a5e7736.js","function":"wrapModuleLoad","line":160,"method":null,"native":false},{"column":16804,"file":"https://zp1v56uxy8rdx5ypatb0ockcb9tr6a-oci3-rkxdxxx2.w-credentialless-staticblitz.com/builtins.4a5e7736.js","function":"Module.require","line":160,"method":"require","native":false},{"column":3120,"file":"https://zp1v56uxy8rdx5ypatb0ockcb9tr6a-oci3-rkxdxxx2.w-credentialless-staticblitz.com/builtins.4a5e7736.js","function":"require2","line":177,"method":null,"native":false},{"column":845506,"file":"https://zp1v56uxy8rdx5ypatb0ockcb9tr6a-oci3-rkxdxxx2.w-credentialless-staticblitz.com/blitz.4c73681d.js","function":"_0x168fc6","line":31,"method":null,"native":false},{"column":15,"file":"file:///home/project/src/app.js#cjs","function":"Object.eval","line":8,"method":"eval","native":false}]}
Error: Cannot find module 'csurf'
Require stack:
- /home/project/src/app.js
- /home/project/server.js
    at Module._resolveFilename (https://zp1v56uxy8rdx5ypatb0ockcb9tr6a-oci3-rkxdxxx2.w-credentialless-staticblitz.com/builtins.4a5e7736.js:160:16340)
    at defaultResolveImpl (https://zp1v56uxy8rdx5ypatb0ockcb9tr6a-oci3-rkxdxxx2.w-credentialless-staticblitz.com/builtins.4a5e7736.js:160:10576)
    at resolveForCJSWithHooks (https://zp1v56uxy8rdx5ypatb0ockcb9tr6a-oci3-rkxdxxx2.w-credentialless-staticblitz.com/builtins.4a5e7736.js:160:10636)
    at Module._load (https://zp1v56uxy8rdx5ypatb0ockcb9tr6a-oci3-rkxdxxx2.w-credentialless-staticblitz.com/builtins.4a5e7736.js:160:13678)
    at TracingChannel.traceSync (https://zp1v56uxy8rdx5ypatb0ockcb9tr6a-oci3-rkxdxxx2.w-credentialless-staticblitz.com/builtins.4a5e7736.js:26:3678)
    at wrapModuleLoad (https://zp1v56uxy8rdx5ypatb0ockcb9tr6a-oci3-rkxdxxx2.w-credentialless-staticblitz.com/builtins.4a5e7736.js:160:3949)
    at Module.require (https://zp1v56uxy8rdx5ypatb0ockcb9tr6a-oci3-rkxdxxx2.w-credentialless-staticblitz.com/builtins.4a5e7736.js:160:16804)
    at require2 (https://zp1v56uxy8rdx5ypatb0ockcb9tr6a-oci3-rkxdxxx2.w-credentialless-staticblitz.com/builtins.4a5e7736.js:177:3120)
    at _0x168fc6 (https://zp1v56uxy8rdx5ypatb0ockcb9tr6a-oci3-rkxdxxx2.w-credentialless-staticblitz.com/blitz.4c73681d.js:31:845506)
    at Object.eval (file:///home/project/src/app.js#cjs:8:15)
2026-03-22 09:20:19 [[31merror[39m]: uncaughtException: Cannot find module 'csurf'
Require stack:
- /home/project/src/app.js
- /home/project/server.js
Error: Cannot find module 'csurf'
Require stack:
- /home/project/src/app.js
- /home/project/server.js
    at Module._resolveFilename (https://zp1v56uxy8rdx5ypatb0ockcb9tr6a-oci3-lygvd0hk.w-credentialless-staticblitz.com/builtins.4a5e7736.js:160:16340)
    at defaultResolveImpl (https://zp1v56uxy8rdx5ypatb0ockcb9tr6a-oci3-lygvd0hk.w-credentialless-staticblitz.com/builtins.4a5e7736.js:160:10576)
    at resolveForCJSWithHooks (https://zp1v56uxy8rdx5ypatb0ockcb9tr6a-oci3-lygvd0hk.w-credentialless-staticblitz.com/builtins.4a5e7736.js:160:10636)
    at Module._load (https://zp1v56uxy8rdx5ypatb0ockcb9tr6a-oci3-lygvd0hk.w-credentialless-staticblitz.com/builtins.4a5e7736.js:160:13678)
    at TracingChannel.traceSync (https://zp1v56uxy8rdx5ypatb0ockcb9tr6a-oci3-lygvd0hk.w-credentialless-staticblitz.com/builtins.4a5e7736.js:26:3678)
    at wrapModuleLoad (https://zp1v56uxy8rdx5ypatb0ockcb9tr6a-oci3-lygvd0hk.w-credentialless-staticblitz.com/builtins.4a5e7736.js:160:3949)
    at Module.require (https://zp1v56uxy8rdx5ypatb0ockcb9tr6a-oci3-lygvd0hk.w-credentialless-staticblitz.com/builtins.4a5e7736.js:160:16804)
    at require2 (https://zp1v56uxy8rdx5ypatb0ockcb9tr6a-oci3-lygvd0hk.w-credentialless-staticblitz.com/builtins.4a5e7736.js:177:3120)
    at _0x168fc6 (https://zp1v56uxy8rdx5ypatb0ockcb9tr6a-oci3-lygvd0hk.w-credentialless-staticblitz.com/blitz.4c73681d.js:31:845506)
    at Object.eval (file:///home/project/src/app.js#cjs:8:15) {"error":{"code":"MODULE_NOT_FOUND","requireStack":["/home/project/src/app.js","/home/project/server.js"]},"exception":true,"date":"Sun Mar 22 2026 09:20:19 GMT+0530 (India Standard Time)","process":{"pid":17,"uid":1,"gid":1,"cwd":"/home/project","execPath":"/usr/local/bin/node","version":"v22.22.0","argv":["/usr/local/bin/node","/home/project/server.js"],"memoryUsage":{"rss":0,"heapTotal":0,"heapUsed":0,"external":0,"arrayBuffers":0}},"os":{"loadavg":[0,0,0],"uptime":25},"trace":[{"column":16340,"file":"https://zp1v56uxy8rdx5ypatb0ockcb9tr6a-oci3-lygvd0hk.w-credentialless-staticblitz.com/builtins.4a5e7736.js","function":"Module._resolveFilename","line":160,"method":"_resolveFilename","native":false},{"column":10576,"file":"https://zp1v56uxy8rdx5ypatb0ockcb9tr6a-oci3-lygvd0hk.w-credentialless-staticblitz.com/builtins.4a5e7736.js","function":"defaultResolveImpl","line":160,"method":null,"native":false},{"column":10636,"file":"https://zp1v56uxy8rdx5ypatb0ockcb9tr6a-oci3-lygvd0hk.w-credentialless-staticblitz.com/builtins.4a5e7736.js","function":"resolveForCJSWithHooks","line":160,"method":null,"native":false},{"column":13678,"file":"https://zp1v56uxy8rdx5ypatb0ockcb9tr6a-oci3-lygvd0hk.w-credentialless-staticblitz.com/builtins.4a5e7736.js","function":"Module._load","line":160,"method":"_load","native":false},{"column":3678,"file":"https://zp1v56uxy8rdx5ypatb0ockcb9tr6a-oci3-lygvd0hk.w-credentialless-staticblitz.com/builtins.4a5e7736.js","function":"TracingChannel.traceSync","line":26,"method":"traceSync","native":false},{"column":3949,"file":"https://zp1v56uxy8rdx5ypatb0ockcb9tr6a-oci3-lygvd0hk.w-credentialless-staticblitz.com/builtins.4a5e7736.js","function":"wrapModuleLoad","line":160,"method":null,"native":false},{"column":16804,"file":"https://zp1v56uxy8rdx5ypatb0ockcb9tr6a-oci3-lygvd0hk.w-credentialless-staticblitz.com/builtins.4a5e7736.js","function":"Module.require","line":160,"method":"require","native":false},{"column":3120,"file":"https://zp1v56uxy8rdx5ypatb0ockcb9tr6a-oci3-lygvd0hk.w-credentialless-staticblitz.com/builtins.4a5e7736.js","function":"require2","line":177,"method":null,"native":false},{"column":845506,"file":"https://zp1v56uxy8rdx5ypatb0ockcb9tr6a-oci3-lygvd0hk.w-credentialless-staticblitz.com/blitz.4c73681d.js","function":"_0x168fc6","line":31,"method":null,"native":false},{"column":15,"file":"file:///home/project/src/app.js#cjs","function":"Object.eval","line":8,"method":"eval","native":false}]}
Error: Cannot find module 'csurf'
Require stack:
- /home/project/src/app.js
- /home/project/server.js
    at Module._resolveFilename (https://zp1v56uxy8rdx5ypatb0ockcb9tr6a-oci3-lygvd0hk.w-credentialless-staticblitz.com/builtins.4a5e7736.js:160:16340)
    at defaultResolveImpl (https://zp1v56uxy8rdx5ypatb0ockcb9tr6a-oci3-lygvd0hk.w-credentialless-staticblitz.com/builtins.4a5e7736.js:160:10576)
    at resolveForCJSWithHooks (https://zp1v56uxy8rdx5ypatb0ockcb9tr6a-oci3-lygvd0hk.w-credentialless-staticblitz.com/builtins.4a5e7736.js:160:10636)
    at Module._load (https://zp1v56uxy8rdx5ypatb0ockcb9tr6a-oci3-lygvd0hk.w-credentialless-staticblitz.com/builtins.4a5e7736.js:160:13678)
    at TracingChannel.traceSync (https://zp1v56uxy8rdx5ypatb0ockcb9tr6a-oci3-lygvd0hk.w-credentialless-staticblitz.com/builtins.4a5e7736.js:26:3678)
    at wrapModuleLoad (https://zp1v56uxy8rdx5ypatb0ockcb9tr6a-oci3-lygvd0hk.w-credentialless-staticblitz.com/builtins.4a5e7736.js:160:3949)
    at Module.require (https://zp1v56uxy8rdx5ypatb0ockcb9tr6a-oci3-lygvd0hk.w-credentialless-staticblitz.com/builtins.4a5e7736.js:160:16804)
    at require2 (https://zp1v56uxy8rdx5ypatb0ockcb9tr6a-oci3-lygvd0hk.w-credentialless-staticblitz.com/builtins.4a5e7736.js:177:3120)
    at _0x168fc6 (https://zp1v56uxy8rdx5ypatb0ockcb9tr6a-oci3-lygvd0hk.w-credentialless-staticblitz.com/blitz.4c73681d.js:31:845506)
    at Object.eval (file:///home/project/src/app.js#cjs:8:15)
2026-03-22 09:38:17 [[31merror[39m]: uncaughtException: Cannot find module 'csurf'
Require stack:
- /home/project/src/app.js
- /home/project/server.js
Error: Cannot find module 'csurf'
Require stack:
- /home/project/src/app.js
- /home/project/server.js
    at Module._resolveFilename (https://zp1v56uxy8rdx5ypatb0ockcb9tr6a-oci3-lygvd0hk.w-credentialless-staticblitz.com/builtins.4a5e7736.js:160:16340)
    at defaultResolveImpl (https://zp1v56uxy8rdx5ypatb0ockcb9tr6a-oci3-lygvd0hk.w-credentialless-staticblitz.com/builtins.4a5e7736.js:160:10576)
    at resolveForCJSWithHooks (https://zp1v56uxy8rdx5ypatb0ockcb9tr6a-oci3-lygvd0hk.w-credentialless-staticblitz.com/builtins.4a5e7736.js:160:10636)
    at Module._load (https://zp1v56uxy8rdx5ypatb0ockcb9tr6a-oci3-lygvd0hk.w-credentialless-staticblitz.com/builtins.4a5e7736.js:160:13678)
    at TracingChannel.traceSync (https://zp1v56uxy8rdx5ypatb0ockcb9tr6a-oci3-lygvd0hk.w-credentialless-staticblitz.com/builtins.4a5e7736.js:26:3678)
    at wrapModuleLoad (https://zp1v56uxy8rdx5ypatb0ockcb9tr6a-oci3-lygvd0hk.w-credentialless-staticblitz.com/builtins.4a5e7736.js:160:3949)
    at Module.require (https://zp1v56uxy8rdx5ypatb0ockcb9tr6a-oci3-lygvd0hk.w-credentialless-staticblitz.com/builtins.4a5e7736.js:160:16804)
    at require2 (https://zp1v56uxy8rdx5ypatb0ockcb9tr6a-oci3-lygvd0hk.w-credentialless-staticblitz.com/builtins.4a5e7736.js:177:3120)
    at _0x168fc6 (https://zp1v56uxy8rdx5ypatb0ockcb9tr6a-oci3-lygvd0hk.w-credentialless-staticblitz.com/blitz.4c73681d.js:31:845506)
    at Object.eval (file:///home/project/src/app.js#cjs:8:15) {"error":{"code":"MODULE_NOT_FOUND","requireStack":["/home/project/src/app.js","/home/project/server.js"]},"exception":true,"date":"Sun Mar 22 2026 09:38:17 GMT+0530 (India Standard Time)","process":{"pid":17,"uid":1,"gid":1,"cwd":"/home/project","execPath":"/usr/local/bin/node","version":"v22.22.0","argv":["/usr/local/bin/node","/home/project/server.js"],"memoryUsage":{"rss":0,"heapTotal":0,"heapUsed":0,"external":0,"arrayBuffers":0}},"os":{"loadavg":[0,0,0],"uptime":11},"trace":[{"column":16340,"file":"https://zp1v56uxy8rdx5ypatb0ockcb9tr6a-oci3-lygvd0hk.w-credentialless-staticblitz.com/builtins.4a5e7736.js","function":"Module._resolveFilename","line":160,"method":"_resolveFilename","native":false},{"column":10576,"file":"https://zp1v56uxy8rdx5ypatb0ockcb9tr6a-oci3-lygvd0hk.w-credentialless-staticblitz.com/builtins.4a5e7736.js","function":"defaultResolveImpl","line":160,"method":null,"native":false},{"column":10636,"file":"https://zp1v56uxy8rdx5ypatb0ockcb9tr6a-oci3-lygvd0hk.w-credentialless-staticblitz.com/builtins.4a5e7736.js","function":"resolveForCJSWithHooks","line":160,"method":null,"native":false},{"column":13678,"file":"https://zp1v56uxy8rdx5ypatb0ockcb9tr6a-oci3-lygvd0hk.w-credentialless-staticblitz.com/builtins.4a5e7736.js","function":"Module._load","line":160,"method":"_load","native":false},{"column":3678,"file":"https://zp1v56uxy8rdx5ypatb0ockcb9tr6a-oci3-lygvd0hk.w-credentialless-staticblitz.com/builtins.4a5e7736.js","function":"TracingChannel.traceSync","line":26,"method":"traceSync","native":false},{"column":3949,"file":"https://zp1v56uxy8rdx5ypatb0ockcb9tr6a-oci3-lygvd0hk.w-credentialless-staticblitz.com/builtins.4a5e7736.js","function":"wrapModuleLoad","line":160,"method":null,"native":false},{"column":16804,"file":"https://zp1v56uxy8rdx5ypatb0ockcb9tr6a-oci3-lygvd0hk.w-credentialless-staticblitz.com/builtins.4a5e7736.js","function":"Module.require","line":160,"method":"require","native":false},{"column":3120,"file":"https://zp1v56uxy8rdx5ypatb0ockcb9tr6a-oci3-lygvd0hk.w-credentialless-staticblitz.com/builtins.4a5e7736.js","function":"require2","line":177,"method":null,"native":false},{"column":845506,"file":"https://zp1v56uxy8rdx5ypatb0ockcb9tr6a-oci3-lygvd0hk.w-credentialless-staticblitz.com/blitz.4c73681d.js","function":"_0x168fc6","line":31,"method":null,"native":false},{"column":15,"file":"file:///home/project/src/app.js#cjs","function":"Object.eval","line":8,"method":"eval","native":false}]}
Error: Cannot find module 'csurf'
Require stack:
- /home/project/src/app.js
- /home/project/server.js
    at Module._resolveFilename (https://zp1v56uxy8rdx5ypatb0ockcb9tr6a-oci3-lygvd0hk.w-credentialless-staticblitz.com/builtins.4a5e7736.js:160:16340)
    at defaultResolveImpl (https://zp1v56uxy8rdx5ypatb0ockcb9tr6a-oci3-lygvd0hk.w-credentialless-staticblitz.com/builtins.4a5e7736.js:160:10576)
    at resolveForCJSWithHooks (https://zp1v56uxy8rdx5ypatb0ockcb9tr6a-oci3-lygvd0hk.w-credentialless-staticblitz.com/builtins.4a5e7736.js:160:10636)
    at Module._load (https://zp1v56uxy8rdx5ypatb0ockcb9tr6a-oci3-lygvd0hk.w-credentialless-staticblitz.com/builtins.4a5e7736.js:160:13678)
    at TracingChannel.traceSync (https://zp1v56uxy8rdx5ypatb0ockcb9tr6a-oci3-lygvd0hk.w-credentialless-staticblitz.com/builtins.4a5e7736.js:26:3678)
    at wrapModuleLoad (https://zp1v56uxy8rdx5ypatb0ockcb9tr6a-oci3-lygvd0hk.w-credentialless-staticblitz.com/builtins.4a5e7736.js:160:3949)
    at Module.require (https://zp1v56uxy8rdx5ypatb0ockcb9tr6a-oci3-lygvd0hk.w-credentialless-staticblitz.com/builtins.4a5e7736.js:160:16804)
    at require2 (https://zp1v56uxy8rdx5ypatb0ockcb9tr6a-oci3-lygvd0hk.w-credentialless-staticblitz.com/builtins.4a5e7736.js:177:3120)
    at _0x168fc6 (https://zp1v56uxy8rdx5ypatb0ockcb9tr6a-oci3-lygvd0hk.w-credentialless-staticblitz.com/blitz.4c73681d.js:31:845506)
    at Object.eval (file:///home/project/src/app.js#cjs:8:15)
2026-03-22 10:00:28 [[31merror[39m]: uncaughtException: Cannot find module 'csurf'
Require stack:
- /home/project/src/app.js
- /home/project/server.js
Error: Cannot find module 'csurf'
Require stack:
- /home/project/src/app.js
- /home/project/server.js
    at Module._resolveFilename (https://zp1v56uxy8rdx5ypatb0ockcb9tr6a-oci3-lygvd0hk.w-credentialless-staticblitz.com/builtins.4a5e7736.js:160:16340)
    at defaultResolveImpl (https://zp1v56uxy8rdx5ypatb0ockcb9tr6a-oci3-lygvd0hk.w-credentialless-staticblitz.com/builtins.4a5e7736.js:160:10576)
    at resolveForCJSWithHooks (https://zp1v56uxy8rdx5ypatb0ockcb9tr6a-oci3-lygvd0hk.w-credentialless-staticblitz.com/builtins.4a5e7736.js:160:10636)
    at Module._load (https://zp1v56uxy8rdx5ypatb0ockcb9tr6a-oci3-lygvd0hk.w-credentialless-staticblitz.com/builtins.4a5e7736.js:160:13678)
    at TracingChannel.traceSync (https://zp1v56uxy8rdx5ypatb0ockcb9tr6a-oci3-lygvd0hk.w-credentialless-staticblitz.com/builtins.4a5e7736.js:26:3678)
    at wrapModuleLoad (https://zp1v56uxy8rdx5ypatb0ockcb9tr6a-oci3-lygvd0hk.w-credentialless-staticblitz.com/builtins.4a5e7736.js:160:3949)
    at Module.require (https://zp1v56uxy8rdx5ypatb0ockcb9tr6a-oci3-lygvd0hk.w-credentialless-staticblitz.com/builtins.4a5e7736.js:160:16804)
    at require2 (https://zp1v56uxy8rdx5ypatb0ockcb9tr6a-oci3-lygvd0hk.w-credentialless-staticblitz.com/builtins.4a5e7736.js:177:3120)
    at _0x168fc6 (https://zp1v56uxy8rdx5ypatb0ockcb9tr6a-oci3-lygvd0hk.w-credentialless-staticblitz.com/blitz.4c73681d.js:31:845506)
    at Object.eval (file:///home/project/src/app.js#cjs:8:15) {"error":{"code":"MODULE_NOT_FOUND","requireStack":["/home/project/src/app.js","/home/project/server.js"]},"exception":true,"date":"Sun Mar 22 2026 10:00:28 GMT+0530 (India Standard Time)","process":{"pid":17,"uid":1,"gid":1,"cwd":"/home/project","execPath":"/usr/local/bin/node","version":"v22.22.0","argv":["/usr/local/bin/node","/home/project/server.js"],"memoryUsage":{"rss":0,"heapTotal":0,"heapUsed":0,"external":0,"arrayBuffers":0}},"os":{"loadavg":[0,0,0],"uptime":14},"trace":[{"column":16340,"file":"https://zp1v56uxy8rdx5ypatb0ockcb9tr6a-oci3-lygvd0hk.w-credentialless-staticblitz.com/builtins.4a5e7736.js","function":"Module._resolveFilename","line":160,"method":"_resolveFilename","native":false},{"column":10576,"file":"https://zp1v56uxy8rdx5ypatb0ockcb9tr6a-oci3-lygvd0hk.w-credentialless-staticblitz.com/builtins.4a5e7736.js","function":"defaultResolveImpl","line":160,"method":null,"native":false},{"column":10636,"file":"https://zp1v56uxy8rdx5ypatb0ockcb9tr6a-oci3-lygvd0hk.w-credentialless-staticblitz.com/builtins.4a5e7736.js","function":"resolveForCJSWithHooks","line":160,"method":null,"native":false},{"column":13678,"file":"https://zp1v56uxy8rdx5ypatb0ockcb9tr6a-oci3-lygvd0hk.w-credentialless-staticblitz.com/builtins.4a5e7736.js","function":"Module._load","line":160,"method":"_load","native":false},{"column":3678,"file":"https://zp1v56uxy8rdx5ypatb0ockcb9tr6a-oci3-lygvd0hk.w-credentialless-staticblitz.com/builtins.4a5e7736.js","function":"TracingChannel.traceSync","line":26,"method":"traceSync","native":false},{"column":3949,"file":"https://zp1v56uxy8rdx5ypatb0ockcb9tr6a-oci3-lygvd0hk.w-credentialless-staticblitz.com/builtins.4a5e7736.js","function":"wrapModuleLoad","line":160,"method":null,"native":false},{"column":16804,"file":"https://zp1v56uxy8rdx5ypatb0ockcb9tr6a-oci3-lygvd0hk.w-credentialless-staticblitz.com/builtins.4a5e7736.js","function":"Module.require","line":160,"method":"require","native":false},{"column":3120,"file":"https://zp1v56uxy8rdx5ypatb0ockcb9tr6a-oci3-lygvd0hk.w-credentialless-staticblitz.com/builtins.4a5e7736.js","function":"require2","line":177,"method":null,"native":false},{"column":845506,"file":"https://zp1v56uxy8rdx5ypatb0ockcb9tr6a-oci3-lygvd0hk.w-credentialless-staticblitz.com/blitz.4c73681d.js","function":"_0x168fc6","line":31,"method":null,"native":false},{"column":15,"file":"file:///home/project/src/app.js#cjs","function":"Object.eval","line":8,"method":"eval","native":false}]}
Error: Cannot find module 'csurf'
Require stack:
- /home/project/src/app.js
- /home/project/server.js
    at Module._resolveFilename (https://zp1v56uxy8rdx5ypatb0ockcb9tr6a-oci3-lygvd0hk.w-credentialless-staticblitz.com/builtins.4a5e7736.js:160:16340)
    at defaultResolveImpl (https://zp1v56uxy8rdx5ypatb0ockcb9tr6a-oci3-lygvd0hk.w-credentialless-staticblitz.com/builtins.4a5e7736.js:160:10576)
    at resolveForCJSWithHooks (https://zp1v56uxy8rdx5ypatb0ockcb9tr6a-oci3-lygvd0hk.w-credentialless-staticblitz.com/builtins.4a5e7736.js:160:10636)
    at Module._load (https://zp1v56uxy8rdx5ypatb0ockcb9tr6a-oci3-lygvd0hk.w-credentialless-staticblitz.com/builtins.4a5e7736.js:160:13678)
    at TracingChannel.traceSync (https://zp1v56uxy8rdx5ypatb0ockcb9tr6a-oci3-lygvd0hk.w-credentialless-staticblitz.com/builtins.4a5e7736.js:26:3678)
    at wrapModuleLoad (https://zp1v56uxy8rdx5ypatb0ockcb9tr6a-oci3-lygvd0hk.w-credentialless-staticblitz.com/builtins.4a5e7736.js:160:3949)
    at Module.require (https://zp1v56uxy8rdx5ypatb0ockcb9tr6a-oci3-lygvd0hk.w-credentialless-staticblitz.com/builtins.4a5e7736.js:160:16804)
    at require2 (https://zp1v56uxy8rdx5ypatb0ockcb9tr6a-oci3-lygvd0hk.w-credentialless-staticblitz.com/builtins.4a5e7736.js:177:3120)
    at _0x168fc6 (https://zp1v56uxy8rdx5ypatb0ockcb9tr6a-oci3-lygvd0hk.w-credentialless-staticblitz.com/blitz.4c73681d.js:31:845506)
    at Object.eval (file:///home/project/src/app.js#cjs:8:15)
2026-03-22 04:36:23 [[31merror[39m]: uncaughtException: Cannot find module 'csurf'
Require stack:
- /tmp/cc-agent/64882279/project/src/app.js
- /tmp/cc-agent/64882279/project/server.js
Error: Cannot find module 'csurf'
Require stack:
- /tmp/cc-agent/64882279/project/src/app.js
- /tmp/cc-agent/64882279/project/server.js
    at Function._resolveFilename (node:internal/modules/cjs/loader:1383:15)
    at defaultResolveImpl (node:internal/modules/cjs/loader:1025:19)
    at resolveForCJSWithHooks (node:internal/modules/cjs/loader:1030:22)
    at Function._load (node:internal/modules/cjs/loader:1192:37)
    at TracingChannel.traceSync (node:diagnostics_channel:328:14)
    at wrapModuleLoad (node:internal/modules/cjs/loader:237:24)
    at Module.require (node:internal/modules/cjs/loader:1463:12)
    at require (node:internal/modules/helpers:147:16)
    at Object.<anonymous> (/tmp/cc-agent/64882279/project/src/app.js:8:15)
    at Module._compile (node:internal/modules/cjs/loader:1705:14) {"error":{"code":"MODULE_NOT_FOUND","requireStack":["/tmp/cc-agent/64882279/project/src/app.js","/tmp/cc-agent/64882279/project/server.js"]},"exception":true,"date":"Sun Mar 22 2026 04:36:23 GMT+0000 (Coordinated Universal Time)","process":{"pid":539,"uid":1001,"gid":1001,"cwd":"/tmp/cc-agent/64882279/project","execPath":"/usr/local/bin/node","version":"v22.22.1","argv":["/usr/local/bin/node","/tmp/cc-agent/64882279/project/server.js"],"memoryUsage":{"rss":99999744,"heapTotal":39743488,"heapUsed":27126720,"external":20657625,"arrayBuffers":18297327}},"os":{"loadavg":[0.04,0.07,0.03],"uptime":195.1},"trace":[{"column":15,"file":"node:internal/modules/cjs/loader","function":"Function._resolveFilename","line":1383,"method":"_resolveFilename","native":false},{"column":19,"file":"node:internal/modules/cjs/loader","function":"defaultResolveImpl","line":1025,"method":null,"native":false},{"column":22,"file":"node:internal/modules/cjs/loader","function":"resolveForCJSWithHooks","line":1030,"method":null,"native":false},{"column":37,"file":"node:internal/modules/cjs/loader","function":"Function._load","line":1192,"method":"_load","native":false},{"column":14,"file":"node:diagnostics_channel","function":"TracingChannel.traceSync","line":328,"method":"traceSync","native":false},{"column":24,"file":"node:internal/modules/cjs/loader","function":"wrapModuleLoad","line":237,"method":null,"native":false},{"column":12,"file":"node:internal/modules/cjs/loader","function":"Module.require","line":1463,"method":"require","native":false},{"column":16,"file":"node:internal/modules/helpers","function":"require","line":147,"method":null,"native":false},{"column":15,"file":"/tmp/cc-agent/64882279/project/src/app.js","function":null,"line":8,"method":null,"native":false},{"column":14,"file":"node:internal/modules/cjs/loader","function":"Module._compile","line":1705,"method":"_compile","native":false}]}
Error: Cannot find module 'csurf'
Require stack:
- /tmp/cc-agent/64882279/project/src/app.js
- /tmp/cc-agent/64882279/project/server.js
    at Function._resolveFilename (node:internal/modules/cjs/loader:1383:15)
    at defaultResolveImpl (node:internal/modules/cjs/loader:1025:19)
    at resolveForCJSWithHooks (node:internal/modules/cjs/loader:1030:22)
    at Function._load (node:internal/modules/cjs/loader:1192:37)
    at TracingChannel.traceSync (node:diagnostics_channel:328:14)
    at wrapModuleLoad (node:internal/modules/cjs/loader:237:24)
    at Module.require (node:internal/modules/cjs/loader:1463:12)
    at require (node:internal/modules/helpers:147:16)
    at Object.<anonymous> (/tmp/cc-agent/64882279/project/src/app.js:8:15)
    at Module._compile (node:internal/modules/cjs/loader:1705:14)
2026-03-22 04:36:39 [[31merror[39m]: uncaughtException: Cannot find module 'csurf'
Require stack:
- /tmp/cc-agent/64882279/project/src/app.js
- /tmp/cc-agent/64882279/project/server.js
Error: Cannot find module 'csurf'
Require stack:
- /tmp/cc-agent/64882279/project/src/app.js
- /tmp/cc-agent/64882279/project/server.js
    at Function._resolveFilename (node:internal/modules/cjs/loader:1383:15)
    at defaultResolveImpl (node:internal/modules/cjs/loader:1025:19)
    at resolveForCJSWithHooks (node:internal/modules/cjs/loader:1030:22)
    at Function._load (node:internal/modules/cjs/loader:1192:37)
    at TracingChannel.traceSync (node:diagnostics_channel:328:14)
    at wrapModuleLoad (node:internal/modules/cjs/loader:237:24)
    at Module.require (node:internal/modules/cjs/loader:1463:12)
    at require (node:internal/modules/helpers:147:16)
    at Object.<anonymous> (/tmp/cc-agent/64882279/project/src/app.js:8:15)
    at Module._compile (node:internal/modules/cjs/loader:1705:14) {"error":{"code":"MODULE_NOT_FOUND","requireStack":["/tmp/cc-agent/64882279/project/src/app.js","/tmp/cc-agent/64882279/project/server.js"]},"exception":true,"date":"Sun Mar 22 2026 04:36:39 GMT+0000 (Coordinated Universal Time)","process":{"pid":583,"uid":1001,"gid":1001,"cwd":"/tmp/cc-agent/64882279/project","execPath":"/usr/local/bin/node","version":"v22.22.1","argv":["/usr/local/bin/node","/tmp/cc-agent/64882279/project/server.js"],"memoryUsage":{"rss":100298752,"heapTotal":39743488,"heapUsed":26979288,"external":20657625,"arrayBuffers":18297327}},"os":{"loadavg":[0.19,0.1,0.04],"uptime":210.62},"trace":[{"column":15,"file":"node:internal/modules/cjs/loader","function":"Function._resolveFilename","line":1383,"method":"_resolveFilename","native":false},{"column":19,"file":"node:internal/modules/cjs/loader","function":"defaultResolveImpl","line":1025,"method":null,"native":false},{"column":22,"file":"node:internal/modules/cjs/loader","function":"resolveForCJSWithHooks","line":1030,"method":null,"native":false},{"column":37,"file":"node:internal/modules/cjs/loader","function":"Function._load","line":1192,"method":"_load","native":false},{"column":14,"file":"node:diagnostics_channel","function":"TracingChannel.traceSync","line":328,"method":"traceSync","native":false},{"column":24,"file":"node:internal/modules/cjs/loader","function":"wrapModuleLoad","line":237,"method":null,"native":false},{"column":12,"file":"node:internal/modules/cjs/loader","function":"Module.require","line":1463,"method":"require","native":false},{"column":16,"file":"node:internal/modules/helpers","function":"require","line":147,"method":null,"native":false},{"column":15,"file":"/tmp/cc-agent/64882279/project/src/app.js","function":null,"line":8,"method":null,"native":false},{"column":14,"file":"node:internal/modules/cjs/loader","function":"Module._compile","line":1705,"method":"_compile","native":false}]}
Error: Cannot find module 'csurf'
Require stack:
- /tmp/cc-agent/64882279/project/src/app.js
- /tmp/cc-agent/64882279/project/server.js
    at Function._resolveFilename (node:internal/modules/cjs/loader:1383:15)
    at defaultResolveImpl (node:internal/modules/cjs/loader:1025:19)
    at resolveForCJSWithHooks (node:internal/modules/cjs/loader:1030:22)
    at Function._load (node:internal/modules/cjs/loader:1192:37)
    at TracingChannel.traceSync (node:diagnostics_channel:328:14)
    at wrapModuleLoad (node:internal/modules/cjs/loader:237:24)
    at Module.require (node:internal/modules/cjs/loader:1463:12)
    at require (node:internal/modules/helpers:147:16)
    at Object.<anonymous> (/tmp/cc-agent/64882279/project/src/app.js:8:15)
    at Module._compile (node:internal/modules/cjs/loader:1705:14)
2026-03-22 04:36:59 [[31merror[39m]: uncaughtException: Cannot find module 'csurf'
Require stack:
- /tmp/cc-agent/64882279/project/src/app.js
- /tmp/cc-agent/64882279/project/server.js
- /tmp/cc-agent/64882279/project/[eval]
node:internal/modules/cjs/loader:1386
  throw err;
  ^

Error: Cannot find module 'csurf'
Require stack:
- /tmp/cc-agent/64882279/project/src/app.js
- /tmp/cc-agent/64882279/project/server.js
- /tmp/cc-agent/64882279/project/[eval]
    at Function._resolveFilename (node:internal/modules/cjs/loader:1383:15)
    at defaultResolveImpl (node:internal/modules/cjs/loader:1025:19)
    at resolveForCJSWithHooks (node:internal/modules/cjs/loader:1030:22)
    at Function._load (node:internal/modules/cjs/loader:1192:37)
    at TracingChannel.traceSync (node:diagnostics_channel:328:14)
    at wrapModuleLoad (node:internal/modules/cjs/loader:237:24)
    at Module.require (node:internal/modules/cjs/loader:1463:12)
    at require (node:internal/modules/helpers:147:16)
    at Object.<anonymous> (/tmp/cc-agent/64882279/project/src/app.js:8:15)
    at Module._compile (node:internal/modules/cjs/loader:1705:14) {"error":{"code":"MODULE_NOT_FOUND","requireStack":["/tmp/cc-agent/64882279/project/src/app.js","/tmp/cc-agent/64882279/project/server.js","/tmp/cc-agent/64882279/project/[eval]"]},"exception":true,"date":"Sun Mar 22 2026 04:36:59 GMT+0000 (Coordinated Universal Time)","process":{"pid":637,"uid":1001,"gid":1001,"cwd":"/tmp/cc-agent/64882279/project","execPath":"/usr/local/bin/node","version":"v22.22.1","argv":["/usr/local/bin/node"],"memoryUsage":{"rss":100311040,"heapTotal":39743488,"heapUsed":26859712,"external":20732501,"arrayBuffers":18297327}},"os":{"loadavg":[0.14,0.09,0.03],"uptime":231.2},"trace":[{"column":15,"file":"node:internal/modules/cjs/loader","function":"Function._resolveFilename","line":1383,"method":"_resolveFilename","native":false},{"column":19,"file":"node:internal/modules/cjs/loader","function":"defaultResolveImpl","line":1025,"method":null,"native":false},{"column":22,"file":"node:internal/modules/cjs/loader","function":"resolveForCJSWithHooks","line":1030,"method":null,"native":false},{"column":37,"file":"node:internal/modules/cjs/loader","function":"Function._load","line":1192,"method":"_load","native":false},{"column":14,"file":"node:diagnostics_channel","function":"TracingChannel.traceSync","line":328,"method":"traceSync","native":false},{"column":24,"file":"node:internal/modules/cjs/loader","function":"wrapModuleLoad","line":237,"method":null,"native":false},{"column":12,"file":"node:internal/modules/cjs/loader","function":"Module.require","line":1463,"method":"require","native":false},{"column":16,"file":"node:internal/modules/helpers","function":"require","line":147,"method":null,"native":false},{"column":15,"file":"/tmp/cc-agent/64882279/project/src/app.js","function":null,"line":8,"method":null,"native":false},{"column":14,"file":"node:internal/modules/cjs/loader","function":"Module._compile","line":1705,"method":"_compile","native":false}]}
node:internal/modules/cjs/loader:1386
  throw err;
  ^

Error: Cannot find module 'csurf'
Require stack:
- /tmp/cc-agent/64882279/project/src/app.js
- /tmp/cc-agent/64882279/project/server.js
- /tmp/cc-agent/64882279/project/[eval]
    at Function._resolveFilename (node:internal/modules/cjs/loader:1383:15)
    at defaultResolveImpl (node:internal/modules/cjs/loader:1025:19)
    at resolveForCJSWithHooks (node:internal/modules/cjs/loader:1030:22)
    at Function._load (node:internal/modules/cjs/loader:1192:37)
    at TracingChannel.traceSync (node:diagnostics_channel:328:14)
    at wrapModuleLoad (node:internal/modules/cjs/loader:237:24)
    at Module.require (node:internal/modules/cjs/loader:1463:12)
    at require (node:internal/modules/helpers:147:16)
    at Object.<anonymous> (/tmp/cc-agent/64882279/project/src/app.js:8:15)
    at Module._compile (node:internal/modules/cjs/loader:1705:14)
2026-03-22 10:09:23 [[31merror[39m]: uncaughtException: Cannot find module 'csurf'
Require stack:
- D:\bolt inta flow\project\src\app.js
- D:\bolt inta flow\project\server.js
Error: Cannot find module 'csurf'
Require stack:
- D:\bolt inta flow\project\src\app.js
- D:\bolt inta flow\project\server.js
    at Function._resolveFilename (node:internal/modules/cjs/loader:1383:15)
    at defaultResolveImpl (node:internal/modules/cjs/loader:1025:19)
    at resolveForCJSWithHooks (node:internal/modules/cjs/loader:1030:22)
    at Function._load (node:internal/modules/cjs/loader:1192:37)
    at TracingChannel.traceSync (node:diagnostics_channel:322:14)
    at wrapModuleLoad (node:internal/modules/cjs/loader:237:24)
    at Module.require (node:internal/modules/cjs/loader:1463:12)
    at require (node:internal/modules/helpers:147:16)
    at Object.<anonymous> (D:\bolt inta flow\project\src\app.js:8:15)
    at Module._compile (node:internal/modules/cjs/loader:1706:14) {"error":{"code":"MODULE_NOT_FOUND","requireStack":["D:\\bolt inta flow\\project\\src\\app.js","D:\\bolt inta flow\\project\\server.js"]},"exception":true,"date":"Sun Mar 22 2026 10:09:23 GMT+0530 (India Standard Time)","process":{"pid":3272,"uid":null,"gid":null,"cwd":"D:\\bolt inta flow\\project","execPath":"C:\\Program Files\\nodejs\\node.exe","version":"v22.20.0","argv":["C:\\Program Files\\nodejs\\node.exe","D:\\bolt inta flow\\project\\server.js","server.js"],"memoryUsage":{"rss":77631488,"heapTotal":38961152,"heapUsed":28899992,"external":20750566,"arrayBuffers":18297247}},"os":{"loadavg":[0,0,0],"uptime":3107186.125},"trace":[{"column":15,"file":"node:internal/modules/cjs/loader","function":"Function._resolveFilename","line":1383,"method":"_resolveFilename","native":false},{"column":19,"file":"node:internal/modules/cjs/loader","function":"defaultResolveImpl","line":1025,"method":null,"native":false},{"column":22,"file":"node:internal/modules/cjs/loader","function":"resolveForCJSWithHooks","line":1030,"method":null,"native":false},{"column":37,"file":"node:internal/modules/cjs/loader","function":"Function._load","line":1192,"method":"_load","native":false},{"column":14,"file":"node:diagnostics_channel","function":"TracingChannel.traceSync","line":322,"method":"traceSync","native":false},{"column":24,"file":"node:internal/modules/cjs/loader","function":"wrapModuleLoad","line":237,"method":null,"native":false},{"column":12,"file":"node:internal/modules/cjs/loader","function":"Module.require","line":1463,"method":"require","native":false},{"column":16,"file":"node:internal/modules/helpers","function":"require","line":147,"method":null,"native":false},{"column":15,"file":"D:\\bolt inta flow\\project\\src\\app.js","function":null,"line":8,"method":null,"native":false},{"column":14,"file":"node:internal/modules/cjs/loader","function":"Module._compile","line":1706,"method":"_compile","native":false}]}
Error: Cannot find module 'csurf'
Require stack:
- D:\bolt inta flow\project\src\app.js
- D:\bolt inta flow\project\server.js
    at Function._resolveFilename (node:internal/modules/cjs/loader:1383:15)
    at defaultResolveImpl (node:internal/modules/cjs/loader:1025:19)
    at resolveForCJSWithHooks (node:internal/modules/cjs/loader:1030:22)
    at Function._load (node:internal/modules/cjs/loader:1192:37)
    at TracingChannel.traceSync (node:diagnostics_channel:322:14)
    at wrapModuleLoad (node:internal/modules/cjs/loader:237:24)
    at Module.require (node:internal/modules/cjs/loader:1463:12)
    at require (node:internal/modules/helpers:147:16)
    at Object.<anonymous> (D:\bolt inta flow\project\src\app.js:8:15)
    at Module._compile (node:internal/modules/cjs/loader:1706:14)
2026-03-22 10:09:35 [[31merror[39m]: uncaughtException: Cannot find module 'csurf'
Require stack:
- D:\bolt inta flow\project\src\app.js
- D:\bolt inta flow\project\server.js
Error: Cannot find module 'csurf'
Require stack:
- D:\bolt inta flow\project\src\app.js
- D:\bolt inta flow\project\server.js
    at Function._resolveFilename (node:internal/modules/cjs/loader:1383:15)
    at defaultResolveImpl (node:internal/modules/cjs/loader:1025:19)
    at resolveForCJSWithHooks (node:internal/modules/cjs/loader:1030:22)
    at Function._load (node:internal/modules/cjs/loader:1192:37)
    at TracingChannel.traceSync (node:diagnostics_channel:322:14)
    at wrapModuleLoad (node:internal/modules/cjs/loader:237:24)
    at Module.require (node:internal/modules/cjs/loader:1463:12)
    at require (node:internal/modules/helpers:147:16)
    at Object.<anonymous> (D:\bolt inta flow\project\src\app.js:8:15)
    at Module._compile (node:internal/modules/cjs/loader:1706:14) {"error":{"code":"MODULE_NOT_FOUND","requireStack":["D:\\bolt inta flow\\project\\src\\app.js","D:\\bolt inta flow\\project\\server.js"]},"exception":true,"date":"Sun Mar 22 2026 10:09:35 GMT+0530 (India Standard Time)","process":{"pid":13268,"uid":null,"gid":null,"cwd":"D:\\bolt inta flow\\project","execPath":"C:\\Program Files\\nodejs\\node.exe","version":"v22.20.0","argv":["C:\\Program Files\\nodejs\\node.exe","D:\\bolt inta flow\\project\\server.js","server.js"],"memoryUsage":{"rss":77574144,"heapTotal":38961152,"heapUsed":28853232,"external":20750566,"arrayBuffers":18297247}},"os":{"loadavg":[0,0,0],"uptime":3107198.218},"trace":[{"column":15,"file":"node:internal/modules/cjs/loader","function":"Function._resolveFilename","line":1383,"method":"_resolveFilename","native":false},{"column":19,"file":"node:internal/modules/cjs/loader","function":"defaultResolveImpl","line":1025,"method":null,"native":false},{"column":22,"file":"node:internal/modules/cjs/loader","function":"resolveForCJSWithHooks","line":1030,"method":null,"native":false},{"column":37,"file":"node:internal/modules/cjs/loader","function":"Function._load","line":1192,"method":"_load","native":false},{"column":14,"file":"node:diagnostics_channel","function":"TracingChannel.traceSync","line":322,"method":"traceSync","native":false},{"column":24,"file":"node:internal/modules/cjs/loader","function":"wrapModuleLoad","line":237,"method":null,"native":false},{"column":12,"file":"node:internal/modules/cjs/loader","function":"Module.require","line":1463,"method":"require","native":false},{"column":16,"file":"node:internal/modules/helpers","function":"require","line":147,"method":null,"native":false},{"column":15,"file":"D:\\bolt inta flow\\project\\src\\app.js","function":null,"line":8,"method":null,"native":false},{"column":14,"file":"node:internal/modules/cjs/loader","function":"Module._compile","line":1706,"method":"_compile","native":false}]}
Error: Cannot find module 'csurf'
Require stack:
- D:\bolt inta flow\project\src\app.js
- D:\bolt inta flow\project\server.js
    at Function._resolveFilename (node:internal/modules/cjs/loader:1383:15)
    at defaultResolveImpl (node:internal/modules/cjs/loader:1025:19)
    at resolveForCJSWithHooks (node:internal/modules/cjs/loader:1030:22)
    at Function._load (node:internal/modules/cjs/loader:1192:37)
    at TracingChannel.traceSync (node:diagnostics_channel:322:14)
    at wrapModuleLoad (node:internal/modules/cjs/loader:237:24)
    at Module.require (node:internal/modules/cjs/loader:1463:12)
    at require (node:internal/modules/helpers:147:16)
    at Object.<anonymous> (D:\bolt inta flow\project\src\app.js:8:15)
    at Module._compile (node:internal/modules/cjs/loader:1706:14)
2026-03-22 10:09:55 [[31merror[39m]: uncaughtException: Cannot find module 'csurf'
Require stack:
- D:\bolt inta flow\project\src\app.js
- D:\bolt inta flow\project\server.js
Error: Cannot find module 'csurf'
Require stack:
- D:\bolt inta flow\project\src\app.js
- D:\bolt inta flow\project\server.js
    at Function._resolveFilename (node:internal/modules/cjs/loader:1383:15)
    at defaultResolveImpl (node:internal/modules/cjs/loader:1025:19)
    at resolveForCJSWithHooks (node:internal/modules/cjs/loader:1030:22)
    at Function._load (node:internal/modules/cjs/loader:1192:37)
    at TracingChannel.traceSync (node:diagnostics_channel:322:14)
    at wrapModuleLoad (node:internal/modules/cjs/loader:237:24)
    at Module.require (node:internal/modules/cjs/loader:1463:12)
    at require (node:internal/modules/helpers:147:16)
    at Object.<anonymous> (D:\bolt inta flow\project\src\app.js:8:15)
    at Module._compile (node:internal/modules/cjs/loader:1706:14) {"error":{"code":"MODULE_NOT_FOUND","requireStack":["D:\\bolt inta flow\\project\\src\\app.js","D:\\bolt inta flow\\project\\server.js"]},"exception":true,"date":"Sun Mar 22 2026 10:09:55 GMT+0530 (India Standard Time)","process":{"pid":9416,"uid":null,"gid":null,"cwd":"D:\\bolt inta flow\\project","execPath":"C:\\Program Files\\nodejs\\node.exe","version":"v22.20.0","argv":["C:\\Program Files\\nodejs\\node.exe","D:\\bolt inta flow\\project\\server.js"],"memoryUsage":{"rss":78036992,"heapTotal":39223296,"heapUsed":28841504,"external":20750566,"arrayBuffers":18297247}},"os":{"loadavg":[0,0,0],"uptime":3107218.187},"trace":[{"column":15,"file":"node:internal/modules/cjs/loader","function":"Function._resolveFilename","line":1383,"method":"_resolveFilename","native":false},{"column":19,"file":"node:internal/modules/cjs/loader","function":"defaultResolveImpl","line":1025,"method":null,"native":false},{"column":22,"file":"node:internal/modules/cjs/loader","function":"resolveForCJSWithHooks","line":1030,"method":null,"native":false},{"column":37,"file":"node:internal/modules/cjs/loader","function":"Function._load","line":1192,"method":"_load","native":false},{"column":14,"file":"node:diagnostics_channel","function":"TracingChannel.traceSync","line":322,"method":"traceSync","native":false},{"column":24,"file":"node:internal/modules/cjs/loader","function":"wrapModuleLoad","line":237,"method":null,"native":false},{"column":12,"file":"node:internal/modules/cjs/loader","function":"Module.require","line":1463,"method":"require","native":false},{"column":16,"file":"node:internal/modules/helpers","function":"require","line":147,"method":null,"native":false},{"column":15,"file":"D:\\bolt inta flow\\project\\src\\app.js","function":null,"line":8,"method":null,"native":false},{"column":14,"file":"node:internal/modules/cjs/loader","function":"Module._compile","line":1706,"method":"_compile","native":false}]}
Error: Cannot find module 'csurf'
Require stack:
- D:\bolt inta flow\project\src\app.js
- D:\bolt inta flow\project\server.js
    at Function._resolveFilename (node:internal/modules/cjs/loader:1383:15)
    at defaultResolveImpl (node:internal/modules/cjs/loader:1025:19)
    at resolveForCJSWithHooks (node:internal/modules/cjs/loader:1030:22)
    at Function._load (node:internal/modules/cjs/loader:1192:37)
    at TracingChannel.traceSync (node:diagnostics_channel:322:14)
    at wrapModuleLoad (node:internal/modules/cjs/loader:237:24)
    at Module.require (node:internal/modules/cjs/loader:1463:12)
    at require (node:internal/modules/helpers:147:16)
    at Object.<anonymous> (D:\bolt inta flow\project\src\app.js:8:15)
    at Module._compile (node:internal/modules/cjs/loader:1706:14)
2026-03-22 10:14:08 [[31merror[39m]: uncaughtException: Cannot find module 'csurf'
Require stack:
- D:\bolt inta flow\project\src\app.js
- D:\bolt inta flow\project\server.js
Error: Cannot find module 'csurf'
Require stack:
- D:\bolt inta flow\project\src\app.js
- D:\bolt inta flow\project\server.js
    at Function._resolveFilename (node:internal/modules/cjs/loader:1383:15)
    at defaultResolveImpl (node:internal/modules/cjs/loader:1025:19)
    at resolveForCJSWithHooks (node:internal/modules/cjs/loader:1030:22)
    at Function._load (node:internal/modules/cjs/loader:1192:37)
    at TracingChannel.traceSync (node:diagnostics_channel:322:14)
    at wrapModuleLoad (node:internal/modules/cjs/loader:237:24)
    at Module.require (node:internal/modules/cjs/loader:1463:12)
    at require (node:internal/modules/helpers:147:16)
    at Object.<anonymous> (D:\bolt inta flow\project\src\app.js:8:15)
    at Module._compile (node:internal/modules/cjs/loader:1706:14) {"error":{"code":"MODULE_NOT_FOUND","requireStack":["D:\\bolt inta flow\\project\\src\\app.js","D:\\bolt inta flow\\project\\server.js"]},"exception":true,"date":"Sun Mar 22 2026 10:14:08 GMT+0530 (India Standard Time)","process":{"pid":9988,"uid":null,"gid":null,"cwd":"D:\\bolt inta flow\\project","execPath":"C:\\Program Files\\nodejs\\node.exe","version":"v22.20.0","argv":["C:\\Program Files\\nodejs\\node.exe","D:\\bolt inta flow\\project\\server.js"],"memoryUsage":{"rss":77897728,"heapTotal":38961152,"heapUsed":29039600,"external":20750566,"arrayBuffers":18297247}},"os":{"loadavg":[0,0,0],"uptime":3107471.328},"trace":[{"column":15,"file":"node:internal/modules/cjs/loader","function":"Function._resolveFilename","line":1383,"method":"_resolveFilename","native":false},{"column":19,"file":"node:internal/modules/cjs/loader","function":"defaultResolveImpl","line":1025,"method":null,"native":false},{"column":22,"file":"node:internal/modules/cjs/loader","function":"resolveForCJSWithHooks","line":1030,"method":null,"native":false},{"column":37,"file":"node:internal/modules/cjs/loader","function":"Function._load","line":1192,"method":"_load","native":false},{"column":14,"file":"node:diagnostics_channel","function":"TracingChannel.traceSync","line":322,"method":"traceSync","native":false},{"column":24,"file":"node:internal/modules/cjs/loader","function":"wrapModuleLoad","line":237,"method":null,"native":false},{"column":12,"file":"node:internal/modules/cjs/loader","function":"Module.require","line":1463,"method":"require","native":false},{"column":16,"file":"node:internal/modules/helpers","function":"require","line":147,"method":null,"native":false},{"column":15,"file":"D:\\bolt inta flow\\project\\src\\app.js","function":null,"line":8,"method":null,"native":false},{"column":14,"file":"node:internal/modules/cjs/loader","function":"Module._compile","line":1706,"method":"_compile","native":false}]}
Error: Cannot find module 'csurf'
Require stack:
- D:\bolt inta flow\project\src\app.js
- D:\bolt inta flow\project\server.js
    at Function._resolveFilename (node:internal/modules/cjs/loader:1383:15)
    at defaultResolveImpl (node:internal/modules/cjs/loader:1025:19)
    at resolveForCJSWithHooks (node:internal/modules/cjs/loader:1030:22)
    at Function._load (node:internal/modules/cjs/loader:1192:37)
    at TracingChannel.traceSync (node:diagnostics_channel:322:14)
    at wrapModuleLoad (node:internal/modules/cjs/loader:237:24)
    at Module.require (node:internal/modules/cjs/loader:1463:12)
    at require (node:internal/modules/helpers:147:16)
    at Object.<anonymous> (D:\bolt inta flow\project\src\app.js:8:15)
    at Module._compile (node:internal/modules/cjs/loader:1706:14)
2026-03-22 11:55:17 [[31merror[39m]: uncaughtException: Cannot find module 'csurf'
Require stack:
- D:\bolt inta flow\project\src\app.js
- D:\bolt inta flow\project\server.js
Error: Cannot find module 'csurf'
Require stack:
- D:\bolt inta flow\project\src\app.js
- D:\bolt inta flow\project\server.js
    at Function._resolveFilename (node:internal/modules/cjs/loader:1383:15)
    at defaultResolveImpl (node:internal/modules/cjs/loader:1025:19)
    at resolveForCJSWithHooks (node:internal/modules/cjs/loader:1030:22)
    at Function._load (node:internal/modules/cjs/loader:1192:37)
    at TracingChannel.traceSync (node:diagnostics_channel:322:14)
    at wrapModuleLoad (node:internal/modules/cjs/loader:237:24)
    at Module.require (node:internal/modules/cjs/loader:1463:12)
    at require (node:internal/modules/helpers:147:16)
    at Object.<anonymous> (D:\bolt inta flow\project\src\app.js:8:15)
    at Module._compile (node:internal/modules/cjs/loader:1706:14) {"error":{"code":"MODULE_NOT_FOUND","requireStack":["D:\\bolt inta flow\\project\\src\\app.js","D:\\bolt inta flow\\project\\server.js"]},"exception":true,"date":"Sun Mar 22 2026 11:55:17 GMT+0530 (India Standard Time)","process":{"pid":18832,"uid":null,"gid":null,"cwd":"D:\\bolt inta flow\\project","execPath":"C:\\Program Files\\nodejs\\node.exe","version":"v22.20.0","argv":["C:\\Program Files\\nodejs\\node.exe","D:\\bolt inta flow\\project\\server.js"],"memoryUsage":{"rss":76300288,"heapTotal":38699008,"heapUsed":28928072,"external":20750566,"arrayBuffers":18297247}},"os":{"loadavg":[0,0,0],"uptime":3113539.562},"trace":[{"column":15,"file":"node:internal/modules/cjs/loader","function":"Function._resolveFilename","line":1383,"method":"_resolveFilename","native":false},{"column":19,"file":"node:internal/modules/cjs/loader","function":"defaultResolveImpl","line":1025,"method":null,"native":false},{"column":22,"file":"node:internal/modules/cjs/loader","function":"resolveForCJSWithHooks","line":1030,"method":null,"native":false},{"column":37,"file":"node:internal/modules/cjs/loader","function":"Function._load","line":1192,"method":"_load","native":false},{"column":14,"file":"node:diagnostics_channel","function":"TracingChannel.traceSync","line":322,"method":"traceSync","native":false},{"column":24,"file":"node:internal/modules/cjs/loader","function":"wrapModuleLoad","line":237,"method":null,"native":false},{"column":12,"file":"node:internal/modules/cjs/loader","function":"Module.require","line":1463,"method":"require","native":false},{"column":16,"file":"node:internal/modules/helpers","function":"require","line":147,"method":null,"native":false},{"column":15,"file":"D:\\bolt inta flow\\project\\src\\app.js","function":null,"line":8,"method":null,"native":false},{"column":14,"file":"node:internal/modules/cjs/loader","function":"Module._compile","line":1706,"method":"_compile","native":false}]}
Error: Cannot find module 'csurf'
Require stack:
- D:\bolt inta flow\project\src\app.js
- D:\bolt inta flow\project\server.js
    at Function._resolveFilename (node:internal/modules/cjs/loader:1383:15)
    at defaultResolveImpl (node:internal/modules/cjs/loader:1025:19)
    at resolveForCJSWithHooks (node:internal/modules/cjs/loader:1030:22)
    at Function._load (node:internal/modules/cjs/loader:1192:37)
    at TracingChannel.traceSync (node:diagnostics_channel:322:14)
    at wrapModuleLoad (node:internal/modules/cjs/loader:237:24)
    at Module.require (node:internal/modules/cjs/loader:1463:12)
    at require (node:internal/modules/helpers:147:16)
    at Object.<anonymous> (D:\bolt inta flow\project\src\app.js:8:15)
    at Module._compile (node:internal/modules/cjs/loader:1706:14)
2026-03-22 12:12:39 [[31merror[39m]: uncaughtException: Cannot find module 'csurf'
Require stack:
- D:\bolt inta flow\project\src\app.js
- D:\bolt inta flow\project\server.js
Error: Cannot find module 'csurf'
Require stack:
- D:\bolt inta flow\project\src\app.js
- D:\bolt inta flow\project\server.js
    at Function._resolveFilename (node:internal/modules/cjs/loader:1383:15)
    at defaultResolveImpl (node:internal/modules/cjs/loader:1025:19)
    at resolveForCJSWithHooks (node:internal/modules/cjs/loader:1030:22)
    at Function._load (node:internal/modules/cjs/loader:1192:37)
    at TracingChannel.traceSync (node:diagnostics_channel:322:14)
    at wrapModuleLoad (node:internal/modules/cjs/loader:237:24)
    at Module.require (node:internal/modules/cjs/loader:1463:12)
    at require (node:internal/modules/helpers:147:16)
    at Object.<anonymous> (D:\bolt inta flow\project\src\app.js:8:15)
    at Module._compile (node:internal/modules/cjs/loader:1706:14) {"error":{"code":"MODULE_NOT_FOUND","requireStack":["D:\\bolt inta flow\\project\\src\\app.js","D:\\bolt inta flow\\project\\server.js"]},"exception":true,"date":"Sun Mar 22 2026 12:12:39 GMT+0530 (India Standard Time)","process":{"pid":11424,"uid":null,"gid":null,"cwd":"D:\\bolt inta flow\\project","execPath":"C:\\Program Files\\nodejs\\node.exe","version":"v22.20.0","argv":["C:\\Program Files\\nodejs\\node.exe","D:\\bolt inta flow\\project\\server.js"],"memoryUsage":{"rss":76279808,"heapTotal":38961152,"heapUsed":29153384,"external":20750566,"arrayBuffers":18297247}},"os":{"loadavg":[0,0,0],"uptime":3114581.687},"trace":[{"column":15,"file":"node:internal/modules/cjs/loader","function":"Function._resolveFilename","line":1383,"method":"_resolveFilename","native":false},{"column":19,"file":"node:internal/modules/cjs/loader","function":"defaultResolveImpl","line":1025,"method":null,"native":false},{"column":22,"file":"node:internal/modules/cjs/loader","function":"resolveForCJSWithHooks","line":1030,"method":null,"native":false},{"column":37,"file":"node:internal/modules/cjs/loader","function":"Function._load","line":1192,"method":"_load","native":false},{"column":14,"file":"node:diagnostics_channel","function":"TracingChannel.traceSync","line":322,"method":"traceSync","native":false},{"column":24,"file":"node:internal/modules/cjs/loader","function":"wrapModuleLoad","line":237,"method":null,"native":false},{"column":12,"file":"node:internal/modules/cjs/loader","function":"Module.require","line":1463,"method":"require","native":false},{"column":16,"file":"node:internal/modules/helpers","function":"require","line":147,"method":null,"native":false},{"column":15,"file":"D:\\bolt inta flow\\project\\src\\app.js","function":null,"line":8,"method":null,"native":false},{"column":14,"file":"node:internal/modules/cjs/loader","function":"Module._compile","line":1706,"method":"_compile","native":false}]}
Error: Cannot find module 'csurf'
Require stack:
- D:\bolt inta flow\project\src\app.js
- D:\bolt inta flow\project\server.js
    at Function._resolveFilename (node:internal/modules/cjs/loader:1383:15)
    at defaultResolveImpl (node:internal/modules/cjs/loader:1025:19)
    at resolveForCJSWithHooks (node:internal/modules/cjs/loader:1030:22)
    at Function._load (node:internal/modules/cjs/loader:1192:37)
    at TracingChannel.traceSync (node:diagnostics_channel:322:14)
    at wrapModuleLoad (node:internal/modules/cjs/loader:237:24)
    at Module.require (node:internal/modules/cjs/loader:1463:12)
    at require (node:internal/modules/helpers:147:16)
    at Object.<anonymous> (D:\bolt inta flow\project\src\app.js:8:15)
    at Module._compile (node:internal/modules/cjs/loader:1706:14)
2026-03-22 12:20:48 [[31merror[39m]: uncaughtException: Cannot find module 'csurf'
Require stack:
- D:\bolt inta flow\project\src\app.js
- D:\bolt inta flow\project\server.js
Error: Cannot find module 'csurf'
Require stack:
- D:\bolt inta flow\project\src\app.js
- D:\bolt inta flow\project\server.js
    at Function._resolveFilename (node:internal/modules/cjs/loader:1383:15)
    at defaultResolveImpl (node:internal/modules/cjs/loader:1025:19)
    at resolveForCJSWithHooks (node:internal/modules/cjs/loader:1030:22)
    at Function._load (node:internal/modules/cjs/loader:1192:37)
    at TracingChannel.traceSync (node:diagnostics_channel:322:14)
    at wrapModuleLoad (node:internal/modules/cjs/loader:237:24)
    at Module.require (node:internal/modules/cjs/loader:1463:12)
    at require (node:internal/modules/helpers:147:16)
    at Object.<anonymous> (D:\bolt inta flow\project\src\app.js:8:15)
    at Module._compile (node:internal/modules/cjs/loader:1706:14) {"error":{"code":"MODULE_NOT_FOUND","requireStack":["D:\\bolt inta flow\\project\\src\\app.js","D:\\bolt inta flow\\project\\server.js"]},"exception":true,"date":"Sun Mar 22 2026 12:20:48 GMT+0530 (India Standard Time)","process":{"pid":5392,"uid":null,"gid":null,"cwd":"D:\\bolt inta flow\\project","execPath":"C:\\Program Files\\nodejs\\node.exe","version":"v22.20.0","argv":["C:\\Program Files\\nodejs\\node.exe","D:\\bolt inta flow\\project\\server.js"],"memoryUsage":{"rss":76419072,"heapTotal":38961152,"heapUsed":29135464,"external":20724202,"arrayBuffers":18297071}},"os":{"loadavg":[0,0,0],"uptime":3115071.109},"trace":[{"column":15,"file":"node:internal/modules/cjs/loader","function":"Function._resolveFilename","line":1383,"method":"_resolveFilename","native":false},{"column":19,"file":"node:internal/modules/cjs/loader","function":"defaultResolveImpl","line":1025,"method":null,"native":false},{"column":22,"file":"node:internal/modules/cjs/loader","function":"resolveForCJSWithHooks","line":1030,"method":null,"native":false},{"column":37,"file":"node:internal/modules/cjs/loader","function":"Function._load","line":1192,"method":"_load","native":false},{"column":14,"file":"node:diagnostics_channel","function":"TracingChannel.traceSync","line":322,"method":"traceSync","native":false},{"column":24,"file":"node:internal/modules/cjs/loader","function":"wrapModuleLoad","line":237,"method":null,"native":false},{"column":12,"file":"node:internal/modules/cjs/loader","function":"Module.require","line":1463,"method":"require","native":false},{"column":16,"file":"node:internal/modules/helpers","function":"require","line":147,"method":null,"native":false},{"column":15,"file":"D:\\bolt inta flow\\project\\src\\app.js","function":null,"line":8,"method":null,"native":false},{"column":14,"file":"node:internal/modules/cjs/loader","function":"Module._compile","line":1706,"method":"_compile","native":false}]}
Error: Cannot find module 'csurf'
Require stack:
- D:\bolt inta flow\project\src\app.js
- D:\bolt inta flow\project\server.js
    at Function._resolveFilename (node:internal/modules/cjs/loader:1383:15)
    at defaultResolveImpl (node:internal/modules/cjs/loader:1025:19)
    at resolveForCJSWithHooks (node:internal/modules/cjs/loader:1030:22)
    at Function._load (node:internal/modules/cjs/loader:1192:37)
    at TracingChannel.traceSync (node:diagnostics_channel:322:14)
    at wrapModuleLoad (node:internal/modules/cjs/loader:237:24)
    at Module.require (node:internal/modules/cjs/loader:1463:12)
    at require (node:internal/modules/helpers:147:16)
    at Object.<anonymous> (D:\bolt inta flow\project\src\app.js:8:15)
    at Module._compile (node:internal/modules/cjs/loader:1706:14)
2026-03-22 12:21:13 [[31merror[39m]: uncaughtException: Cannot find module 'csurf'
Require stack:
- D:\bolt inta flow\project\src\app.js
- D:\bolt inta flow\project\server.js
Error: Cannot find module 'csurf'
Require stack:
- D:\bolt inta flow\project\src\app.js
- D:\bolt inta flow\project\server.js
    at Function._resolveFilename (node:internal/modules/cjs/loader:1383:15)
    at defaultResolveImpl (node:internal/modules/cjs/loader:1025:19)
    at resolveForCJSWithHooks (node:internal/modules/cjs/loader:1030:22)
    at Function._load (node:internal/modules/cjs/loader:1192:37)
    at TracingChannel.traceSync (node:diagnostics_channel:322:14)
    at wrapModuleLoad (node:internal/modules/cjs/loader:237:24)
    at Module.require (node:internal/modules/cjs/loader:1463:12)
    at require (node:internal/modules/helpers:147:16)
    at Object.<anonymous> (D:\bolt inta flow\project\src\app.js:8:15)
    at Module._compile (node:internal/modules/cjs/loader:1706:14) {"error":{"code":"MODULE_NOT_FOUND","requireStack":["D:\\bolt inta flow\\project\\src\\app.js","D:\\bolt inta flow\\project\\server.js"]},"exception":true,"date":"Sun Mar 22 2026 12:21:13 GMT+0530 (India Standard Time)","process":{"pid":12792,"uid":null,"gid":null,"cwd":"D:\\bolt inta flow\\project","execPath":"C:\\Program Files\\nodejs\\node.exe","version":"v22.20.0","argv":["C:\\Program Files\\nodejs\\node.exe","D:\\bolt inta flow\\project\\server.js"],"memoryUsage":{"rss":78872576,"heapTotal":58691584,"heapUsed":25298712,"external":20724202,"arrayBuffers":18297071}},"os":{"loadavg":[0,0,0],"uptime":3115096.171},"trace":[{"column":15,"file":"node:internal/modules/cjs/loader","function":"Function._resolveFilename","line":1383,"method":"_resolveFilename","native":false},{"column":19,"file":"node:internal/modules/cjs/loader","function":"defaultResolveImpl","line":1025,"method":null,"native":false},{"column":22,"file":"node:internal/modules/cjs/loader","function":"resolveForCJSWithHooks","line":1030,"method":null,"native":false},{"column":37,"file":"node:internal/modules/cjs/loader","function":"Function._load","line":1192,"method":"_load","native":false},{"column":14,"file":"node:diagnostics_channel","function":"TracingChannel.traceSync","line":322,"method":"traceSync","native":false},{"column":24,"file":"node:internal/modules/cjs/loader","function":"wrapModuleLoad","line":237,"method":null,"native":false},{"column":12,"file":"node:internal/modules/cjs/loader","function":"Module.require","line":1463,"method":"require","native":false},{"column":16,"file":"node:internal/modules/helpers","function":"require","line":147,"method":null,"native":false},{"column":15,"file":"D:\\bolt inta flow\\project\\src\\app.js","function":null,"line":8,"method":null,"native":false},{"column":14,"file":"node:internal/modules/cjs/loader","function":"Module._compile","line":1706,"method":"_compile","native":false}]}
Error: Cannot find module 'csurf'
Require stack:
- D:\bolt inta flow\project\src\app.js
- D:\bolt inta flow\project\server.js
    at Function._resolveFilename (node:internal/modules/cjs/loader:1383:15)
    at defaultResolveImpl (node:internal/modules/cjs/loader:1025:19)
    at resolveForCJSWithHooks (node:internal/modules/cjs/loader:1030:22)
    at Function._load (node:internal/modules/cjs/loader:1192:37)
    at TracingChannel.traceSync (node:diagnostics_channel:322:14)
    at wrapModuleLoad (node:internal/modules/cjs/loader:237:24)
    at Module.require (node:internal/modules/cjs/loader:1463:12)
    at require (node:internal/modules/helpers:147:16)
    at Object.<anonymous> (D:\bolt inta flow\project\src\app.js:8:15)
    at Module._compile (node:internal/modules/cjs/loader:1706:14)
2026-03-22 12:21:55 [[31merror[39m]: uncaughtException: Cannot find module 'csurf'
Require stack:
- D:\bolt inta flow\project\src\app.js
- D:\bolt inta flow\project\server.js
Error: Cannot find module 'csurf'
Require stack:
- D:\bolt inta flow\project\src\app.js
- D:\bolt inta flow\project\server.js
    at Function._resolveFilename (node:internal/modules/cjs/loader:1383:15)
    at defaultResolveImpl (node:internal/modules/cjs/loader:1025:19)
    at resolveForCJSWithHooks (node:internal/modules/cjs/loader:1030:22)
    at Function._load (node:internal/modules/cjs/loader:1192:37)
    at TracingChannel.traceSync (node:diagnostics_channel:322:14)
    at wrapModuleLoad (node:internal/modules/cjs/loader:237:24)
    at Module.require (node:internal/modules/cjs/loader:1463:12)
    at require (node:internal/modules/helpers:147:16)
    at Object.<anonymous> (D:\bolt inta flow\project\src\app.js:8:15)
    at Module._compile (node:internal/modules/cjs/loader:1706:14) {"error":{"code":"MODULE_NOT_FOUND","requireStack":["D:\\bolt inta flow\\project\\src\\app.js","D:\\bolt inta flow\\project\\server.js"]},"exception":true,"date":"Sun Mar 22 2026 12:21:55 GMT+0530 (India Standard Time)","process":{"pid":4340,"uid":null,"gid":null,"cwd":"D:\\bolt inta flow\\project","execPath":"C:\\Program Files\\nodejs\\node.exe","version":"v22.20.0","argv":["C:\\Program Files\\nodejs\\node.exe","D:\\bolt inta flow\\project\\server.js"],"memoryUsage":{"rss":76840960,"heapTotal":38961152,"heapUsed":28633408,"external":20750566,"arrayBuffers":18297247}},"os":{"loadavg":[0,0,0],"uptime":3115137.937},"trace":[{"column":15,"file":"node:internal/modules/cjs/loader","function":"Function._resolveFilename","line":1383,"method":"_resolveFilename","native":false},{"column":19,"file":"node:internal/modules/cjs/loader","function":"defaultResolveImpl","line":1025,"method":null,"native":false},{"column":22,"file":"node:internal/modules/cjs/loader","function":"resolveForCJSWithHooks","line":1030,"method":null,"native":false},{"column":37,"file":"node:internal/modules/cjs/loader","function":"Function._load","line":1192,"method":"_load","native":false},{"column":14,"file":"node:diagnostics_channel","function":"TracingChannel.traceSync","line":322,"method":"traceSync","native":false},{"column":24,"file":"node:internal/modules/cjs/loader","function":"wrapModuleLoad","line":237,"method":null,"native":false},{"column":12,"file":"node:internal/modules/cjs/loader","function":"Module.require","line":1463,"method":"require","native":false},{"column":16,"file":"node:internal/modules/helpers","function":"require","line":147,"method":null,"native":false},{"column":15,"file":"D:\\bolt inta flow\\project\\src\\app.js","function":null,"line":8,"method":null,"native":false},{"column":14,"file":"node:internal/modules/cjs/loader","function":"Module._compile","line":1706,"method":"_compile","native":false}]}
Error: Cannot find module 'csurf'
Require stack:
- D:\bolt inta flow\project\src\app.js
- D:\bolt inta flow\project\server.js
    at Function._resolveFilename (node:internal/modules/cjs/loader:1383:15)
    at defaultResolveImpl (node:internal/modules/cjs/loader:1025:19)
    at resolveForCJSWithHooks (node:internal/modules/cjs/loader:1030:22)
    at Function._load (node:internal/modules/cjs/loader:1192:37)
    at TracingChannel.traceSync (node:diagnostics_channel:322:14)
    at wrapModuleLoad (node:internal/modules/cjs/loader:237:24)
    at Module.require (node:internal/modules/cjs/loader:1463:12)
    at require (node:internal/modules/helpers:147:16)
    at Object.<anonymous> (D:\bolt inta flow\project\src\app.js:8:15)
    at Module._compile (node:internal/modules/cjs/loader:1706:14)
2026-03-22 12:22:27 [[31merror[39m]: uncaughtException: Cannot find module 'csurf'
Require stack:
- D:\bolt inta flow\project\src\app.js
- D:\bolt inta flow\project\server.js
Error: Cannot find module 'csurf'
Require stack:
- D:\bolt inta flow\project\src\app.js
- D:\bolt inta flow\project\server.js
    at Function._resolveFilename (node:internal/modules/cjs/loader:1383:15)
    at defaultResolveImpl (node:internal/modules/cjs/loader:1025:19)
    at resolveForCJSWithHooks (node:internal/modules/cjs/loader:1030:22)
    at Function._load (node:internal/modules/cjs/loader:1192:37)
    at TracingChannel.traceSync (node:diagnostics_channel:322:14)
    at wrapModuleLoad (node:internal/modules/cjs/loader:237:24)
    at Module.require (node:internal/modules/cjs/loader:1463:12)
    at require (node:internal/modules/helpers:147:16)
    at Object.<anonymous> (D:\bolt inta flow\project\src\app.js:8:15)
    at Module._compile (node:internal/modules/cjs/loader:1706:14) {"error":{"code":"MODULE_NOT_FOUND","requireStack":["D:\\bolt inta flow\\project\\src\\app.js","D:\\bolt inta flow\\project\\server.js"]},"exception":true,"date":"Sun Mar 22 2026 12:22:27 GMT+0530 (India Standard Time)","process":{"pid":9996,"uid":null,"gid":null,"cwd":"D:\\bolt inta flow\\project","execPath":"C:\\Program Files\\nodejs\\node.exe","version":"v22.20.0","argv":["C:\\Program Files\\nodejs\\node.exe","D:\\bolt inta flow\\project\\server.js"],"memoryUsage":{"rss":74530816,"heapTotal":38961152,"heapUsed":28682528,"external":20724202,"arrayBuffers":18297071}},"os":{"loadavg":[0,0,0],"uptime":3115170.296},"trace":[{"column":15,"file":"node:internal/modules/cjs/loader","function":"Function._resolveFilename","line":1383,"method":"_resolveFilename","native":false},{"column":19,"file":"node:internal/modules/cjs/loader","function":"defaultResolveImpl","line":1025,"method":null,"native":false},{"column":22,"file":"node:internal/modules/cjs/loader","function":"resolveForCJSWithHooks","line":1030,"method":null,"native":false},{"column":37,"file":"node:internal/modules/cjs/loader","function":"Function._load","line":1192,"method":"_load","native":false},{"column":14,"file":"node:diagnostics_channel","function":"TracingChannel.traceSync","line":322,"method":"traceSync","native":false},{"column":24,"file":"node:internal/modules/cjs/loader","function":"wrapModuleLoad","line":237,"method":null,"native":false},{"column":12,"file":"node:internal/modules/cjs/loader","function":"Module.require","line":1463,"method":"require","native":false},{"column":16,"file":"node:internal/modules/helpers","function":"require","line":147,"method":null,"native":false},{"column":15,"file":"D:\\bolt inta flow\\project\\src\\app.js","function":null,"line":8,"method":null,"native":false},{"column":14,"file":"node:internal/modules/cjs/loader","function":"Module._compile","line":1706,"method":"_compile","native":false}]}
Error: Cannot find module 'csurf'
Require stack:
- D:\bolt inta flow\project\src\app.js
- D:\bolt inta flow\project\server.js
    at Function._resolveFilename (node:internal/modules/cjs/loader:1383:15)
    at defaultResolveImpl (node:internal/modules/cjs/loader:1025:19)
    at resolveForCJSWithHooks (node:internal/modules/cjs/loader:1030:22)
    at Function._load (node:internal/modules/cjs/loader:1192:37)
    at TracingChannel.traceSync (node:diagnostics_channel:322:14)
    at wrapModuleLoad (node:internal/modules/cjs/loader:237:24)
    at Module.require (node:internal/modules/cjs/loader:1463:12)
    at require (node:internal/modules/helpers:147:16)
    at Object.<anonymous> (D:\bolt inta flow\project\src\app.js:8:15)
    at Module._compile (node:internal/modules/cjs/loader:1706:14)
2026-03-22 12:22:36 [[31merror[39m]: uncaughtException: Cannot find module 'csurf'
Require stack:
- D:\bolt inta flow\project\src\app.js
- D:\bolt inta flow\project\server.js
Error: Cannot find module 'csurf'
Require stack:
- D:\bolt inta flow\project\src\app.js
- D:\bolt inta flow\project\server.js
    at Function._resolveFilename (node:internal/modules/cjs/loader:1383:15)
    at defaultResolveImpl (node:internal/modules/cjs/loader:1025:19)
    at resolveForCJSWithHooks (node:internal/modules/cjs/loader:1030:22)
    at Function._load (node:internal/modules/cjs/loader:1192:37)
    at TracingChannel.traceSync (node:diagnostics_channel:322:14)
    at wrapModuleLoad (node:internal/modules/cjs/loader:237:24)
    at Module.require (node:internal/modules/cjs/loader:1463:12)
    at require (node:internal/modules/helpers:147:16)
    at Object.<anonymous> (D:\bolt inta flow\project\src\app.js:8:15)
    at Module._compile (node:internal/modules/cjs/loader:1706:14) {"error":{"code":"MODULE_NOT_FOUND","requireStack":["D:\\bolt inta flow\\project\\src\\app.js","D:\\bolt inta flow\\project\\server.js"]},"exception":true,"date":"Sun Mar 22 2026 12:22:36 GMT+0530 (India Standard Time)","process":{"pid":16636,"uid":null,"gid":null,"cwd":"D:\\bolt inta flow\\project","execPath":"C:\\Program Files\\nodejs\\node.exe","version":"v22.20.0","argv":["C:\\Program Files\\nodejs\\node.exe","D:\\bolt inta flow\\project\\server.js"],"memoryUsage":{"rss":74219520,"heapTotal":38699008,"heapUsed":28788728,"external":20724202,"arrayBuffers":18297071}},"os":{"loadavg":[0,0,0],"uptime":3115179.156},"trace":[{"column":15,"file":"node:internal/modules/cjs/loader","function":"Function._resolveFilename","line":1383,"method":"_resolveFilename","native":false},{"column":19,"file":"node:internal/modules/cjs/loader","function":"defaultResolveImpl","line":1025,"method":null,"native":false},{"column":22,"file":"node:internal/modules/cjs/loader","function":"resolveForCJSWithHooks","line":1030,"method":null,"native":false},{"column":37,"file":"node:internal/modules/cjs/loader","function":"Function._load","line":1192,"method":"_load","native":false},{"column":14,"file":"node:diagnostics_channel","function":"TracingChannel.traceSync","line":322,"method":"traceSync","native":false},{"column":24,"file":"node:internal/modules/cjs/loader","function":"wrapModuleLoad","line":237,"method":null,"native":false},{"column":12,"file":"node:internal/modules/cjs/loader","function":"Module.require","line":1463,"method":"require","native":false},{"column":16,"file":"node:internal/modules/helpers","function":"require","line":147,"method":null,"native":false},{"column":15,"file":"D:\\bolt inta flow\\project\\src\\app.js","function":null,"line":8,"method":null,"native":false},{"column":14,"file":"node:internal/modules/cjs/loader","function":"Module._compile","line":1706,"method":"_compile","native":false}]}
Error: Cannot find module 'csurf'
Require stack:
- D:\bolt inta flow\project\src\app.js
- D:\bolt inta flow\project\server.js
    at Function._resolveFilename (node:internal/modules/cjs/loader:1383:15)
    at defaultResolveImpl (node:internal/modules/cjs/loader:1025:19)
    at resolveForCJSWithHooks (node:internal/modules/cjs/loader:1030:22)
    at Function._load (node:internal/modules/cjs/loader:1192:37)
    at TracingChannel.traceSync (node:diagnostics_channel:322:14)
    at wrapModuleLoad (node:internal/modules/cjs/loader:237:24)
    at Module.require (node:internal/modules/cjs/loader:1463:12)
    at require (node:internal/modules/helpers:147:16)
    at Object.<anonymous> (D:\bolt inta flow\project\src\app.js:8:15)
    at Module._compile (node:internal/modules/cjs/loader:1706:14)
2026-03-22 12:22:53 [[31merror[39m]: uncaughtException: Cannot find module 'csurf'
Require stack:
- D:\bolt inta flow\project\src\app.js
- D:\bolt inta flow\project\[eval]
node:internal/modules/cjs/loader:1386
  throw err;
  ^

Error: Cannot find module 'csurf'
Require stack:
- D:\bolt inta flow\project\src\app.js
- D:\bolt inta flow\project\[eval]
    at Function._resolveFilename (node:internal/modules/cjs/loader:1383:15)
    at defaultResolveImpl (node:internal/modules/cjs/loader:1025:19)
    at resolveForCJSWithHooks (node:internal/modules/cjs/loader:1030:22)
    at Function._load (node:internal/modules/cjs/loader:1192:37)
    at TracingChannel.traceSync (node:diagnostics_channel:322:14)
    at wrapModuleLoad (node:internal/modules/cjs/loader:237:24)
    at Module.require (node:internal/modules/cjs/loader:1463:12)
    at require (node:internal/modules/helpers:147:16)
    at Object.<anonymous> (D:\bolt inta flow\project\src\app.js:8:15)
    at Module._compile (node:internal/modules/cjs/loader:1706:14) {"error":{"code":"MODULE_NOT_FOUND","requireStack":["D:\\bolt inta flow\\project\\src\\app.js","D:\\bolt inta flow\\project\\[eval]"]},"exception":true,"date":"Sun Mar 22 2026 12:22:53 GMT+0530 (India Standard Time)","process":{"pid":10696,"uid":null,"gid":null,"cwd":"D:\\bolt inta flow\\project","execPath":"C:\\Program Files\\nodejs\\node.exe","version":"v22.20.0","argv":["C:\\Program Files\\nodejs\\node.exe"],"memoryUsage":{"rss":74440704,"heapTotal":38699008,"heapUsed":28733448,"external":20682971,"arrayBuffers":18297071}},"os":{"loadavg":[0,0,0],"uptime":3115196.281},"trace":[{"column":15,"file":"node:internal/modules/cjs/loader","function":"Function._resolveFilename","line":1383,"method":"_resolveFilename","native":false},{"column":19,"file":"node:internal/modules/cjs/loader","function":"defaultResolveImpl","line":1025,"method":null,"native":false},{"column":22,"file":"node:internal/modules/cjs/loader","function":"resolveForCJSWithHooks","line":1030,"method":null,"native":false},{"column":37,"file":"node:internal/modules/cjs/loader","function":"Function._load","line":1192,"method":"_load","native":false},{"column":14,"file":"node:diagnostics_channel","function":"TracingChannel.traceSync","line":322,"method":"traceSync","native":false},{"column":24,"file":"node:internal/modules/cjs/loader","function":"wrapModuleLoad","line":237,"method":null,"native":false},{"column":12,"file":"node:internal/modules/cjs/loader","function":"Module.require","line":1463,"method":"require","native":false},{"column":16,"file":"node:internal/modules/helpers","function":"require","line":147,"method":null,"native":false},{"column":15,"file":"D:\\bolt inta flow\\project\\src\\app.js","function":null,"line":8,"method":null,"native":false},{"column":14,"file":"node:internal/modules/cjs/loader","function":"Module._compile","line":1706,"method":"_compile","native":false}]}
node:internal/modules/cjs/loader:1386
  throw err;
  ^

Error: Cannot find module 'csurf'
Require stack:
- D:\bolt inta flow\project\src\app.js
- D:\bolt inta flow\project\[eval]
    at Function._resolveFilename (node:internal/modules/cjs/loader:1383:15)
    at defaultResolveImpl (node:internal/modules/cjs/loader:1025:19)
    at resolveForCJSWithHooks (node:internal/modules/cjs/loader:1030:22)
    at Function._load (node:internal/modules/cjs/loader:1192:37)
    at TracingChannel.traceSync (node:diagnostics_channel:322:14)
    at wrapModuleLoad (node:internal/modules/cjs/loader:237:24)
    at Module.require (node:internal/modules/cjs/loader:1463:12)
    at require (node:internal/modules/helpers:147:16)
    at Object.<anonymous> (D:\bolt inta flow\project\src\app.js:8:15)
    at Module._compile (node:internal/modules/cjs/loader:1706:14)
2026-03-22 12:23:34 [[31merror[39m]: uncaughtException: Cannot find module 'csurf'
Require stack:
- D:\bolt inta flow\project\src\app.js
- D:\bolt inta flow\project\server.js
Error: Cannot find module 'csurf'
Require stack:
- D:\bolt inta flow\project\src\app.js
- D:\bolt inta flow\project\server.js
    at Function._resolveFilename (node:internal/modules/cjs/loader:1383:15)
    at defaultResolveImpl (node:internal/modules/cjs/loader:1025:19)
    at resolveForCJSWithHooks (node:internal/modules/cjs/loader:1030:22)
    at Function._load (node:internal/modules/cjs/loader:1192:37)
    at TracingChannel.traceSync (node:diagnostics_channel:322:14)
    at wrapModuleLoad (node:internal/modules/cjs/loader:237:24)
    at Module.require (node:internal/modules/cjs/loader:1463:12)
    at require (node:internal/modules/helpers:147:16)
    at Object.<anonymous> (D:\bolt inta flow\project\src\app.js:8:15)
    at Module._compile (node:internal/modules/cjs/loader:1706:14) {"error":{"code":"MODULE_NOT_FOUND","requireStack":["D:\\bolt inta flow\\project\\src\\app.js","D:\\bolt inta flow\\project\\server.js"]},"exception":true,"date":"Sun Mar 22 2026 12:23:34 GMT+0530 (India Standard Time)","process":{"pid":7836,"uid":null,"gid":null,"cwd":"D:\\bolt inta flow\\project","execPath":"C:\\Program Files\\nodejs\\node.exe","version":"v22.20.0","argv":["C:\\Program Files\\nodejs\\node.exe","D:\\bolt inta flow\\project\\server.js"],"memoryUsage":{"rss":77824000,"heapTotal":38961152,"heapUsed":28792512,"external":20750566,"arrayBuffers":18297247}},"os":{"loadavg":[0,0,0],"uptime":3115236.968},"trace":[{"column":15,"file":"node:internal/modules/cjs/loader","function":"Function._resolveFilename","line":1383,"method":"_resolveFilename","native":false},{"column":19,"file":"node:internal/modules/cjs/loader","function":"defaultResolveImpl","line":1025,"method":null,"native":false},{"column":22,"file":"node:internal/modules/cjs/loader","function":"resolveForCJSWithHooks","line":1030,"method":null,"native":false},{"column":37,"file":"node:internal/modules/cjs/loader","function":"Function._load","line":1192,"method":"_load","native":false},{"column":14,"file":"node:diagnostics_channel","function":"TracingChannel.traceSync","line":322,"method":"traceSync","native":false},{"column":24,"file":"node:internal/modules/cjs/loader","function":"wrapModuleLoad","line":237,"method":null,"native":false},{"column":12,"file":"node:internal/modules/cjs/loader","function":"Module.require","line":1463,"method":"require","native":false},{"column":16,"file":"node:internal/modules/helpers","function":"require","line":147,"method":null,"native":false},{"column":15,"file":"D:\\bolt inta flow\\project\\src\\app.js","function":null,"line":8,"method":null,"native":false},{"column":14,"file":"node:internal/modules/cjs/loader","function":"Module._compile","line":1706,"method":"_compile","native":false}]}
Error: Cannot find module 'csurf'
Require stack:
- D:\bolt inta flow\project\src\app.js
- D:\bolt inta flow\project\server.js
    at Function._resolveFilename (node:internal/modules/cjs/loader:1383:15)
    at defaultResolveImpl (node:internal/modules/cjs/loader:1025:19)
    at resolveForCJSWithHooks (node:internal/modules/cjs/loader:1030:22)
    at Function._load (node:internal/modules/cjs/loader:1192:37)
    at TracingChannel.traceSync (node:diagnostics_channel:322:14)
    at wrapModuleLoad (node:internal/modules/cjs/loader:237:24)
    at Module.require (node:internal/modules/cjs/loader:1463:12)
    at require (node:internal/modules/helpers:147:16)
    at Object.<anonymous> (D:\bolt inta flow\project\src\app.js:8:15)
    at Module._compile (node:internal/modules/cjs/loader:1706:14)
